PER_PHASE + NO_HIDING
Running on Intel(R) Data Center GPU Max 1100
nx_glob, nz_glob: 128 64
dx,dz: 156.250000 156.250000
dt: 0.520833
Running on Intel(R) Data Center GPU Max 1100
Running on Intel(R) Data Center GPU Max 1100
Running on Intel(R) Data Center GPU Max 1100
Elapsed Time: 0.000000 / 10.000000
Elapsed Time: 0.520833 / 10.000000
Elapsed Time: 1.041667 / 10.000000
Elapsed Time: 1.562500 / 10.000000
Elapsed Time: 2.083333 / 10.000000
Elapsed Time: 2.604167 / 10.000000
Elapsed Time: 3.125000 / 10.000000
Elapsed Time: 3.645833 / 10.000000
Elapsed Time: 4.166667 / 10.000000
Elapsed Time: 4.687500 / 10.000000
Elapsed Time: 5.208333 / 10.000000
Elapsed Time: 5.729167 / 10.000000
Elapsed Time: 6.250000 / 10.000000
Elapsed Time: 6.770833 / 10.000000
Elapsed Time: 7.291667 / 10.000000
Elapsed Time: 7.812500 / 10.000000
Elapsed Time: 8.333333 / 10.000000
Elapsed Time: 8.854167 / 10.000000
Elapsed Time: 9.375000 / 10.000000
Elapsed Time: 9.895833 / 10.000000
Total time chrono[ms]: 93040
Total time mpi[s]: 93.0403
Total energy: 28794.2
d_mass: 0.000000e+00
d_te:   -1.873120e-05
Pool Memory High Water Mark:       292992Pool Memory High Water Mark:       292992

Pool Memory High Water Efficiency: 0.00027287
Pool Memory High Water Mark:       292992
Pool Memory High Water Efficiency: 0.00027287
Pool Memory High Water Mark:       292992
Pool Memory High Water Efficiency: 0.00027287
Pool Memory High Water Efficiency: 0.00027287
PER_PHASE + NO_HIDING
Running on Intel(R) Data Center GPU Max 1100
nx_glob, nz_glob: 128 64
dx,dz: 156.250000 156.250000
dt: 0.520833
Running on Intel(R) Data Center GPU Max 1100
Running on Intel(R) Data Center GPU Max 1100
Running on Intel(R) Data Center GPU Max 1100
Elapsed Time: 0.000000 / 10.000000
Elapsed Time: 0.520833 / 10.000000
Elapsed Time: 1.041667 / 10.000000
Elapsed Time: 1.562500 / 10.000000
Elapsed Time: 2.083333 / 10.000000
Elapsed Time: 2.604167 / 10.000000
Elapsed Time: 3.125000 / 10.000000
Elapsed Time: 3.645833 / 10.000000
Elapsed Time: 4.166667 / 10.000000
Elapsed Time: 4.687500 / 10.000000
Elapsed Time: 5.208333 / 10.000000
Elapsed Time: 5.729167 / 10.000000
Elapsed Time: 6.250000 / 10.000000
Elapsed Time: 6.770833 / 10.000000
Elapsed Time: 7.291667 / 10.000000
Elapsed Time: 7.812500 / 10.000000
Elapsed Time: 8.333333 / 10.000000
Elapsed Time: 8.854167 / 10.000000
Elapsed Time: 9.375000 / 10.000000
Elapsed Time: 9.895833 / 10.000000
Total time chrono[ms]: 93508
Total time mpi[s]: 93.5089
Total energy: 30088.1
d_mass: 0.000000e+00
d_te:   -1.873120e-05
Pool Memory High Water Mark:       292992
Pool Memory High Water Mark:       292992Pool Memory High Water Mark:       292992
Pool Memory High Water Efficiency: Pool Memory High Water Efficiency: 0.00027287

Pool Memory High Water Efficiency: 0.00027287
0.00027287
Pool Memory High Water Mark:       292992
Pool Memory High Water Efficiency: 0.00027287
PER_PHASE + NO_HIDING
Running on Intel(R) Data Center GPU Max 1100
Running on Intel(R) Data Center GPU Max 1100
nx_glob, nz_glob: 128 64
dx,dz: 156.250000 156.250000
dt: 0.520833
Running on Intel(R) Data Center GPU Max 1100
Running on Intel(R) Data Center GPU Max 1100
Elapsed Time: 0.000000 / 10.000000
Elapsed Time: 0.520833 / 10.000000
Elapsed Time: 1.041667 / 10.000000
Elapsed Time: 1.562500 / 10.000000
Elapsed Time: 2.083333 / 10.000000
Elapsed Time: 2.604167 / 10.000000
Elapsed Time: 3.125000 / 10.000000
Elapsed Time: 3.645833 / 10.000000
Elapsed Time: 4.166667 / 10.000000
Elapsed Time: 4.687500 / 10.000000
Elapsed Time: 5.208333 / 10.000000
Elapsed Time: 5.729167 / 10.000000
Elapsed Time: 6.250000 / 10.000000
Elapsed Time: 6.770833 / 10.000000
Elapsed Time: 7.291667 / 10.000000
Elapsed Time: 7.812500 / 10.000000
Elapsed Time: 8.333333 / 10.000000
Elapsed Time: 8.854167 / 10.000000
Elapsed Time: 9.375000 / 10.000000
Elapsed Time: 9.895833 / 10.000000
Total time chrono[ms]: 33098
Total time mpi[s]: 33.0991
Total energy: 10237
d_mass: 0.000000e+00
d_te:   -1.873120e-05
Pool Memory High Water Mark:       292992
Pool Memory High Water Mark:       292992Pool Memory High Water Mark:       292992
Pool Memory High Water Efficiency: Pool Memory High Water Efficiency: 0.00027287

Pool Memory High Water Efficiency: 0.00027287
0.00027287
Pool Memory High Water Mark:       292992
Pool Memory High Water Efficiency: 0.00027287
PER_PHASE + NO_HIDING
Running on Intel(R) Data Center GPU Max 1100
Running on Intel(R) Data Center GPU Max 1100
Running on Intel(R) Data Center GPU Max 1100
nx_glob, nz_glob: 128 64
dx,dz: 156.250000 156.250000
dt: 0.520833
Running on Intel(R) Data Center GPU Max 1100
Elapsed Time: 0.000000 / 10.000000
Elapsed Time: 0.520833 / 10.000000
Elapsed Time: 1.041667 / 10.000000
Elapsed Time: 1.562500 / 10.000000
Elapsed Time: 2.083333 / 10.000000
Elapsed Time: 2.604167 / 10.000000
Elapsed Time: 3.125000 / 10.000000
Elapsed Time: 3.645833 / 10.000000
Elapsed Time: 4.166667 / 10.000000
Elapsed Time: 4.687500 / 10.000000
Elapsed Time: 5.208333 / 10.000000
Elapsed Time: 5.729167 / 10.000000
Elapsed Time: 6.250000 / 10.000000
Elapsed Time: 6.770833 / 10.000000
Elapsed Time: 7.291667 / 10.000000
Elapsed Time: 7.812500 / 10.000000
Elapsed Time: 8.333333 / 10.000000
Elapsed Time: 8.854167 / 10.000000
Elapsed Time: 9.375000 / 10.000000
Elapsed Time: 9.895833 / 10.000000
Total time chrono[ms]: 34860
Total time mpi[s]: 34.8608
Total energy: 10791.9
d_mass: 0.000000e+00
d_te:   -1.873120e-05
Pool Memory High Water Mark:       Pool Memory High Water Mark:       292992Pool Memory High Water Mark:       292992
Pool Memory High Water Mark:       292992
Pool Memory High Water Efficiency: 292992
Pool Memory High Water Efficiency: 0.00027287

Pool Memory High Water Efficiency: 0.00027287
Pool Memory High Water Efficiency: 0.00027287
0.00027287
PER_PHASE + NO_HIDING
Running on Intel(R) Data Center GPU Max 1100
nx_glob, nz_glob: 128 64
dx,dz: 156.250000 156.250000
dt: 0.520833
Running on Intel(R) Data Center GPU Max 1100
Running on Intel(R) Data Center GPU Max 1100
Running on Intel(R) Data Center GPU Max 1100
Elapsed Time: 0.000000 / 10.000000
Elapsed Time: 0.520833 / 10.000000
Elapsed Time: 1.041667 / 10.000000
Elapsed Time: 1.562500 / 10.000000
Elapsed Time: 2.083333 / 10.000000
Elapsed Time: 2.604167 / 10.000000
Elapsed Time: 3.125000 / 10.000000
Elapsed Time: 3.645833 / 10.000000
Elapsed Time: 4.166667 / 10.000000
Elapsed Time: 4.687500 / 10.000000
Elapsed Time: 5.208333 / 10.000000
Elapsed Time: 5.729167 / 10.000000
Elapsed Time: 6.250000 / 10.000000
Elapsed Time: 6.770833 / 10.000000
Elapsed Time: 7.291667 / 10.000000
Elapsed Time: 7.812500 / 10.000000
Elapsed Time: 8.333333 / 10.000000
Elapsed Time: 8.854167 / 10.000000
Elapsed Time: 9.375000 / 10.000000
Elapsed Time: 9.895833 / 10.000000
Total time chrono[ms]: 37698
Total time mpi[s]: 37.6989
Total energy: 11924.9
d_mass: 0.000000e+00
d_te:   -1.873120e-05
Pool Memory High Water Mark:       292992
Pool Memory High Water Efficiency: 0.00027287
Pool Memory High Water Mark:       292992
Pool Memory High Water Efficiency: Pool Memory High Water Mark:       292992
Pool Memory High Water Efficiency: Pool Memory High Water Mark:       292992
Pool Memory High Water Efficiency: 0.00027287
0.00027287
0.00027287
PER_PHASE + NO_HIDING
Running on Intel(R) Data Center GPU Max 1100
nx_glob, nz_glob: 128 64
dx,dz: 156.250000 156.250000
dt: 0.520833
Running on Intel(R) Data Center GPU Max 1100
Running on Intel(R) Data Center GPU Max 1100
Running on Intel(R) Data Center GPU Max 1100
Elapsed Time: 0.000000 / 10.000000
Elapsed Time: 0.520833 / 10.000000
Elapsed Time: 1.041667 / 10.000000
Elapsed Time: 1.562500 / 10.000000
Elapsed Time: 2.083333 / 10.000000
Elapsed Time: 2.604167 / 10.000000
Elapsed Time: 3.125000 / 10.000000
Elapsed Time: 3.645833 / 10.000000
Elapsed Time: 4.166667 / 10.000000
Elapsed Time: 4.687500 / 10.000000
Elapsed Time: 5.208333 / 10.000000
Elapsed Time: 5.729167 / 10.000000
Elapsed Time: 6.250000 / 10.000000
Elapsed Time: 6.770833 / 10.000000
Elapsed Time: 7.291667 / 10.000000
Elapsed Time: 7.812500 / 10.000000
Elapsed Time: 8.333333 / 10.000000
Elapsed Time: 8.854167 / 10.000000
Elapsed Time: 9.375000 / 10.000000
Elapsed Time: 9.895833 / 10.000000
Total time chrono[ms]: 230612
Total time mpi[s]: 230.613
Total energy: 69728.8
d_mass: 0.000000e+00
d_te:   -1.873120e-05
Pool Memory High Water Mark:       292992
Pool Memory High Water Mark:       292992
Pool Memory High Water Mark:       292992
Pool Memory High Water Efficiency: Pool Memory High Water Mark:       292992
Pool Memory High Water Efficiency: Pool Memory High Water Efficiency: 0.00027287
Pool Memory High Water Efficiency: 0.00027287
0.00027287
0.00027287
PER_PHASE + NO_HIDING
Running on Intel(R) Data Center GPU Max 1100
nx_glob, nz_glob: 128 64
dx,dz: 156.250000 156.250000
dt: 0.520833
Running on Intel(R) Data Center GPU Max 1100
Running on Intel(R) Data Center GPU Max 1100
Running on Intel(R) Data Center GPU Max 1100
Elapsed Time: 0.000000 / 10.000000
Elapsed Time: 0.520833 / 10.000000
Elapsed Time: 1.041667 / 10.000000
Elapsed Time: 1.562500 / 10.000000
Elapsed Time: 2.083333 / 10.000000
Elapsed Time: 2.604167 / 10.000000
Elapsed Time: 3.125000 / 10.000000
Elapsed Time: 3.645833 / 10.000000
Elapsed Time: 4.166667 / 10.000000
Elapsed Time: 4.687500 / 10.000000
Elapsed Time: 5.208333 / 10.000000
Elapsed Time: 5.729167 / 10.000000
Elapsed Time: 6.250000 / 10.000000
Elapsed Time: 6.770833 / 10.000000
Elapsed Time: 7.291667 / 10.000000
Elapsed Time: 7.812500 / 10.000000
Elapsed Time: 8.333333 / 10.000000
Elapsed Time: 8.854167 / 10.000000
Elapsed Time: 9.375000 / 10.000000
Elapsed Time: 9.895833 / 10.000000
Total time chrono[ms]: 65302
Total time mpi[s]: 65.3026
Total energy: 20273
d_mass: 0.000000e+00
d_te:   -1.873120e-05
Pool Memory High Water Mark:       292992
Pool Memory High Water Efficiency: Pool Memory High Water Mark:       292992
Pool Memory High Water Mark:       292992
Pool Memory High Water Efficiency: 0.00027287
Pool Memory High Water Mark:       292992
Pool Memory High Water Efficiency: Pool Memory High Water Efficiency: 0.00027287
0.00027287
0.00027287
PER_PHASE + NO_HIDING
Running on Intel(R) Data Center GPU Max 1100
nx_glob, nz_glob: 128 64
dx,dz: 156.250000 156.250000
dt: 0.520833
Running on Intel(R) Data Center GPU Max 1100
Running on Intel(R) Data Center GPU Max 1100
Running on Intel(R) Data Center GPU Max 1100
Elapsed Time: 0.000000 / 10.000000
Elapsed Time: 0.520833 / 10.000000
Elapsed Time: 1.041667 / 10.000000
Elapsed Time: 1.562500 / 10.000000
Elapsed Time: 2.083333 / 10.000000
Elapsed Time: 2.604167 / 10.000000
Elapsed Time: 3.125000 / 10.000000
Elapsed Time: 3.645833 / 10.000000
Elapsed Time: 4.166667 / 10.000000
Elapsed Time: 4.687500 / 10.000000
Elapsed Time: 5.208333 / 10.000000
Elapsed Time: 5.729167 / 10.000000
Elapsed Time: 6.250000 / 10.000000
Elapsed Time: 6.770833 / 10.000000
Elapsed Time: 7.291667 / 10.000000
Elapsed Time: 7.812500 / 10.000000
Elapsed Time: 8.333333 / 10.000000
Elapsed Time: 8.854167 / 10.000000
Elapsed Time: 9.375000 / 10.000000
Elapsed Time: 9.895833 / 10.000000
Total time chrono[ms]: 45606
Total time mpi[s]: 45.6071
Total energy: 14271.7
d_mass: 0.000000e+00
d_te:   -1.873120e-05
Pool Memory High Water Mark:       292992Pool Memory High Water Mark:       292992
Pool Memory High Water Efficiency: 0.00027287
Pool Memory High Water Mark:       292992
Pool Memory High Water Efficiency: 0.00027287
Pool Memory High Water Mark:       292992
Pool Memory High Water Efficiency: 0.00027287

Pool Memory High Water Efficiency: 0.00027287
PER_PHASE + NO_HIDING
Running on Intel(R) Data Center GPU Max 1100
Running on Intel(R) Data Center GPU Max 1100
nx_glob, nz_glob: 128 64
dx,dz: 156.250000 156.250000
dt: 0.520833
Running on Intel(R) Data Center GPU Max 1100
Running on Intel(R) Data Center GPU Max 1100
Elapsed Time: 0.000000 / 10.000000
Elapsed Time: 0.520833 / 10.000000
Elapsed Time: 1.041667 / 10.000000
Elapsed Time: 1.562500 / 10.000000
Elapsed Time: 2.083333 / 10.000000
Elapsed Time: 2.604167 / 10.000000
Elapsed Time: 3.125000 / 10.000000
Elapsed Time: 3.645833 / 10.000000
Elapsed Time: 4.166667 / 10.000000
Elapsed Time: 4.687500 / 10.000000
Elapsed Time: 5.208333 / 10.000000
Elapsed Time: 5.729167 / 10.000000
Elapsed Time: 6.250000 / 10.000000
Elapsed Time: 6.770833 / 10.000000
Elapsed Time: 7.291667 / 10.000000
Elapsed Time: 7.812500 / 10.000000
Elapsed Time: 8.333333 / 10.000000
Elapsed Time: 8.854167 / 10.000000
Elapsed Time: 9.375000 / 10.000000
Elapsed Time: 9.895833 / 10.000000
Total time chrono[ms]: 25925
Total time mpi[s]: 25.9256
Total energy: 8086.11
d_mass: 0.000000e+00
d_te:   -1.873120e-05
Pool Memory High Water Mark:       292992
Pool Memory High Water Efficiency: Pool Memory High Water Mark:       292992
Pool Memory High Water Mark:       292992
0.00027287
Pool Memory High Water Mark:       292992
Pool Memory High Water Efficiency: 0.00027287
Pool Memory High Water Efficiency: 0.00027287
Pool Memory High Water Efficiency: 0.00027287
PER_PHASE + NO_HIDING
Running on Intel(R) Data Center GPU Max 1100
Running on Intel(R) Data Center GPU Max 1100
nx_glob, nz_glob: 128 64
dx,dz: 156.250000 156.250000
dt: 0.520833
Running on Intel(R) Data Center GPU Max 1100
Running on Intel(R) Data Center GPU Max 1100
Elapsed Time: 0.000000 / 10.000000
Elapsed Time: 0.520833 / 10.000000
Elapsed Time: 1.041667 / 10.000000
Elapsed Time: 1.562500 / 10.000000
Elapsed Time: 2.083333 / 10.000000
Elapsed Time: 2.604167 / 10.000000
Elapsed Time: 3.125000 / 10.000000
Elapsed Time: 3.645833 / 10.000000
Elapsed Time: 4.166667 / 10.000000
Elapsed Time: 4.687500 / 10.000000
Elapsed Time: 5.208333 / 10.000000
Elapsed Time: 5.729167 / 10.000000
Elapsed Time: 6.250000 / 10.000000
Elapsed Time: 6.770833 / 10.000000
Elapsed Time: 7.291667 / 10.000000
Elapsed Time: 7.812500 / 10.000000
Elapsed Time: 8.333333 / 10.000000
Elapsed Time: 8.854167 / 10.000000
Elapsed Time: 9.375000 / 10.000000
Elapsed Time: 9.895833 / 10.000000
Total time chrono[ms]: 66654
Total time mpi[s]: 66.6549
Total energy: 20886.5
d_mass: 0.000000e+00
d_te:   -1.873120e-05
Pool Memory High Water Mark:       292992
Pool Memory High Water Mark:       292992
Pool Memory High Water Mark:       292992
Pool Memory High Water Efficiency: Pool Memory High Water Efficiency: 0.00027287
Pool Memory High Water Mark:       292992
Pool Memory High Water Efficiency: 0.00027287
Pool Memory High Water Efficiency: 0.00027287
0.00027287
PER_PHASE + NO_HIDING
Running on Intel(R) Data Center GPU Max 1100
nx_glob, nz_glob: 128 64
dx,dz: 156.250000 156.250000
dt: 0.520833
Running on Intel(R) Data Center GPU Max 1100
Running on Intel(R) Data Center GPU Max 1100
Running on Intel(R) Data Center GPU Max 1100
Elapsed Time: 0.000000 / 10.000000
Elapsed Time: 0.520833 / 10.000000
Elapsed Time: 1.041667 / 10.000000
Elapsed Time: 1.562500 / 10.000000
Elapsed Time: 2.083333 / 10.000000
Elapsed Time: 2.604167 / 10.000000
Elapsed Time: 3.125000 / 10.000000
Elapsed Time: 3.645833 / 10.000000
Elapsed Time: 4.166667 / 10.000000
Elapsed Time: 4.687500 / 10.000000
Elapsed Time: 5.208333 / 10.000000
Elapsed Time: 5.729167 / 10.000000
Elapsed Time: 6.250000 / 10.000000
Elapsed Time: 6.770833 / 10.000000
Elapsed Time: 7.291667 / 10.000000
Elapsed Time: 7.812500 / 10.000000
Elapsed Time: 8.333333 / 10.000000
Elapsed Time: 8.854167 / 10.000000
Elapsed Time: 9.375000 / 10.000000
Elapsed Time: 9.895833 / 10.000000
Total time chrono[ms]: 22465
Total time mpi[s]: 22.4656
Total energy: 6961.44
d_mass: 0.000000e+00
d_te:   -1.873120e-05
Pool Memory High Water Mark:       292992Pool Memory High Water Mark:       292992Pool Memory High Water Mark:       292992

Pool Memory High Water Efficiency: 0.00027287

Pool Memory High Water Efficiency: 0.00027287Pool Memory High Water Efficiency: 0.00027287
Pool Memory High Water Mark:       292992
Pool Memory High Water Efficiency: 0.00027287

PER_PHASE + NO_HIDING
Running on Intel(R) Data Center GPU Max 1100
nx_glob, nz_glob: 128 64
dx,dz: 156.250000 156.250000
dt: 0.520833
Running on Intel(R) Data Center GPU Max 1100
Running on Intel(R) Data Center GPU Max 1100
Running on Intel(R) Data Center GPU Max 1100
Elapsed Time: 0.000000 / 10.000000
Elapsed Time: 0.520833 / 10.000000
Elapsed Time: 1.041667 / 10.000000
Elapsed Time: 1.562500 / 10.000000
Elapsed Time: 2.083333 / 10.000000
Elapsed Time: 2.604167 / 10.000000
Elapsed Time: 3.125000 / 10.000000
Elapsed Time: 3.645833 / 10.000000
Elapsed Time: 4.166667 / 10.000000
Elapsed Time: 4.687500 / 10.000000
Elapsed Time: 5.208333 / 10.000000
Elapsed Time: 5.729167 / 10.000000
Elapsed Time: 6.250000 / 10.000000
Elapsed Time: 6.770833 / 10.000000
Elapsed Time: 7.291667 / 10.000000
Elapsed Time: 7.812500 / 10.000000
Elapsed Time: 8.333333 / 10.000000
Elapsed Time: 8.854167 / 10.000000
Elapsed Time: 9.375000 / 10.000000
Elapsed Time: 9.895833 / 10.000000
Total time chrono[ms]: 42914
Total time mpi[s]: 42.9147
Total energy: 13433.1
d_mass: 0.000000e+00
d_te:   -1.873120e-05
Pool Memory High Water Mark:       Pool Memory High Water Mark:       292992
Pool Memory High Water Efficiency: 0.00027287
292992
Pool Memory High Water Mark:       292992
Pool Memory High Water Mark:       292992
Pool Memory High Water Efficiency: 0.00027287
Pool Memory High Water Efficiency: 0.00027287
Pool Memory High Water Efficiency: 0.00027287
PER_PHASE + NO_HIDING
Running on Intel(R) Data Center GPU Max 1100
nx_glob, nz_glob: 128 64
dx,dz: 156.250000 156.250000
dt: 0.520833
Running on Intel(R) Data Center GPU Max 1100
Running on Intel(R) Data Center GPU Max 1100
Running on Intel(R) Data Center GPU Max 1100
Elapsed Time: 0.000000 / 10.000000
Elapsed Time: 0.520833 / 10.000000
Elapsed Time: 1.041667 / 10.000000
Elapsed Time: 1.562500 / 10.000000
Elapsed Time: 2.083333 / 10.000000
Elapsed Time: 2.604167 / 10.000000
Elapsed Time: 3.125000 / 10.000000
Elapsed Time: 3.645833 / 10.000000
Elapsed Time: 4.166667 / 10.000000
Elapsed Time: 4.687500 / 10.000000
Elapsed Time: 5.208333 / 10.000000
Elapsed Time: 5.729167 / 10.000000
Elapsed Time: 6.250000 / 10.000000
Elapsed Time: 6.770833 / 10.000000
Elapsed Time: 7.291667 / 10.000000
Elapsed Time: 7.812500 / 10.000000
Elapsed Time: 8.333333 / 10.000000
Elapsed Time: 8.854167 / 10.000000
Elapsed Time: 9.375000 / 10.000000
Elapsed Time: 9.895833 / 10.000000
Total time chrono[ms]: 20032
Total time mpi[s]: 20.0327
Total energy: 6261.1
d_mass: 0.000000e+00
d_te:   -1.873120e-05
Pool Memory High Water Mark:       292992
Pool Memory High Water Mark:       292992Pool Memory High Water Mark:       292992
Pool Memory High Water Efficiency: 0.00027287
Pool Memory High Water Mark:       292992
Pool Memory High Water Efficiency: 
Pool Memory High Water Efficiency: 0.00027287
Pool Memory High Water Efficiency: 0.00027287
0.00027287
PER_PHASE + NO_HIDING
Running on Intel(R) Data Center GPU Max 1100
nx_glob, nz_glob: 128 64
dx,dz: 156.250000 156.250000
dt: 0.520833
Running on Intel(R) Data Center GPU Max 1100
Running on Intel(R) Data Center GPU Max 1100
Running on Intel(R) Data Center GPU Max 1100
Elapsed Time: 0.000000 / 10.000000
Elapsed Time: 0.520833 / 10.000000
Elapsed Time: 1.041667 / 10.000000
Elapsed Time: 1.562500 / 10.000000
Elapsed Time: 2.083333 / 10.000000
Elapsed Time: 2.604167 / 10.000000
Elapsed Time: 3.125000 / 10.000000
Elapsed Time: 3.645833 / 10.000000
Elapsed Time: 4.166667 / 10.000000
Elapsed Time: 4.687500 / 10.000000
Elapsed Time: 5.208333 / 10.000000
Elapsed Time: 5.729167 / 10.000000
Elapsed Time: 6.250000 / 10.000000
Elapsed Time: 6.770833 / 10.000000
Elapsed Time: 7.291667 / 10.000000
Elapsed Time: 7.812500 / 10.000000
Elapsed Time: 8.333333 / 10.000000
Elapsed Time: 8.854167 / 10.000000
Elapsed Time: 9.375000 / 10.000000
Elapsed Time: 9.895833 / 10.000000
Total time chrono[ms]: 31247
Total time mpi[s]: 31.2477
Total energy: 9683.62
d_mass: 0.000000e+00
d_te:   -1.873120e-05
Pool Memory High Water Mark:       292992
Pool Memory High Water Efficiency: 0.00027287
Pool Memory High Water Mark:       292992
Pool Memory High Water Mark:       292992
Pool Memory High Water Efficiency: Pool Memory High Water Mark:       292992
Pool Memory High Water Efficiency: 0.00027287
Pool Memory High Water Efficiency: 0.00027287
0.00027287
PER_PHASE + NO_HIDING
Running on Intel(R) Data Center GPU Max 1100
nx_glob, nz_glob: 128 64
dx,dz: 156.250000 156.250000
dt: 0.520833
Running on Intel(R) Data Center GPU Max 1100
Running on Intel(R) Data Center GPU Max 1100
Running on Intel(R) Data Center GPU Max 1100
Elapsed Time: 0.000000 / 10.000000
Elapsed Time: 0.520833 / 10.000000
Elapsed Time: 1.041667 / 10.000000
Elapsed Time: 1.562500 / 10.000000
Elapsed Time: 2.083333 / 10.000000
Elapsed Time: 2.604167 / 10.000000
Elapsed Time: 3.125000 / 10.000000
Elapsed Time: 3.645833 / 10.000000
Elapsed Time: 4.166667 / 10.000000
Elapsed Time: 4.687500 / 10.000000
Elapsed Time: 5.208333 / 10.000000
Elapsed Time: 5.729167 / 10.000000
Elapsed Time: 6.250000 / 10.000000
Elapsed Time: 6.770833 / 10.000000
Elapsed Time: 7.291667 / 10.000000
Elapsed Time: 7.812500 / 10.000000
Elapsed Time: 8.333333 / 10.000000
Elapsed Time: 8.854167 / 10.000000
Elapsed Time: 9.375000 / 10.000000
Elapsed Time: 9.895833 / 10.000000
Total time chrono[ms]: 27491
Total time mpi[s]: 27.4911
Total energy: 8539.93
d_mass: 0.000000e+00
d_te:   -1.873120e-05
Pool Memory High Water Mark:       Pool Memory High Water Mark:       292992Pool Memory High Water Mark:       292992
Pool Memory High Water Mark:       292992
292992
Pool Memory High Water Efficiency: 0.00027287

Pool Memory High Water Efficiency: 0.00027287
Pool Memory High Water Efficiency: 0.00027287
Pool Memory High Water Efficiency: 0.00027287
PER_PHASE + NO_HIDING
Running on Intel(R) Data Center GPU Max 1100
nx_glob, nz_glob: 128 64
dx,dz: 156.250000 156.250000
dt: 0.520833
Running on Intel(R) Data Center GPU Max 1100
Running on Intel(R) Data Center GPU Max 1100
Running on Intel(R) Data Center GPU Max 1100
Elapsed Time: 0.000000 / 10.000000
Elapsed Time: 0.520833 / 10.000000
Elapsed Time: 1.041667 / 10.000000
Elapsed Time: 1.562500 / 10.000000
Elapsed Time: 2.083333 / 10.000000
Elapsed Time: 2.604167 / 10.000000
Elapsed Time: 3.125000 / 10.000000
Elapsed Time: 3.645833 / 10.000000
Elapsed Time: 4.166667 / 10.000000
Elapsed Time: 4.687500 / 10.000000
Elapsed Time: 5.208333 / 10.000000
Elapsed Time: 5.729167 / 10.000000
Elapsed Time: 6.250000 / 10.000000
Elapsed Time: 6.770833 / 10.000000
Elapsed Time: 7.291667 / 10.000000
Elapsed Time: 7.812500 / 10.000000
Elapsed Time: 8.333333 / 10.000000
Elapsed Time: 8.854167 / 10.000000
Elapsed Time: 9.375000 / 10.000000
Elapsed Time: 9.895833 / 10.000000
Total time chrono[ms]: 58881
Total time mpi[s]: 58.8814
Total energy: 18258.2
d_mass: 0.000000e+00
d_te:   -1.873120e-05
Pool Memory High Water Mark:       292992
Pool Memory High Water Mark:       292992
Pool Memory High Water Mark:       292992
Pool Memory High Water Efficiency: Pool Memory High Water Efficiency: 0.00027287
Pool Memory High Water Mark:       292992
Pool Memory High Water Efficiency: 0.00027287
Pool Memory High Water Efficiency: 0.00027287
0.00027287
PER_PHASE + NO_HIDING
Running on Intel(R) Data Center GPU Max 1100
nx_glob, nz_glob: 128 64
dx,dz: 156.250000 156.250000
dt: 0.520833
Running on Intel(R) Data Center GPU Max 1100
Running on Intel(R) Data Center GPU Max 1100
Running on Intel(R) Data Center GPU Max 1100
Elapsed Time: 0.000000 / 10.000000
Elapsed Time: 0.520833 / 10.000000
Elapsed Time: 1.041667 / 10.000000
Elapsed Time: 1.562500 / 10.000000
Elapsed Time: 2.083333 / 10.000000
Elapsed Time: 2.604167 / 10.000000
Elapsed Time: 3.125000 / 10.000000
Elapsed Time: 3.645833 / 10.000000
Elapsed Time: 4.166667 / 10.000000
Elapsed Time: 4.687500 / 10.000000
Elapsed Time: 5.208333 / 10.000000
Elapsed Time: 5.729167 / 10.000000
Elapsed Time: 6.250000 / 10.000000
Elapsed Time: 6.770833 / 10.000000
Elapsed Time: 7.291667 / 10.000000
Elapsed Time: 7.812500 / 10.000000
Elapsed Time: 8.333333 / 10.000000
Elapsed Time: 8.854167 / 10.000000
Elapsed Time: 9.375000 / 10.000000
Elapsed Time: 9.895833 / 10.000000
Total time chrono[ms]: 47611
Total time mpi[s]: 47.6119
Total energy: 15021.6
d_mass: 0.000000e+00
d_te:   -1.873120e-05
Pool Memory High Water Mark:       Pool Memory High Water Mark:       292992292992
Pool Memory High Water Efficiency: 0.00027287

Pool Memory High Water Efficiency: Pool Memory High Water Mark:       292992
Pool Memory High Water Efficiency: 0.00027287
Pool Memory High Water Mark:       292992
Pool Memory High Water Efficiency: 0.00027287
0.00027287
PER_PHASE + NO_HIDING
Running on Intel(R) Data Center GPU Max 1100
nx_glob, nz_glob: 128 64
dx,dz: 156.250000 156.250000
dt: 0.520833
Running on Intel(R) Data Center GPU Max 1100
Running on Intel(R) Data Center GPU Max 1100
Running on Intel(R) Data Center GPU Max 1100
Elapsed Time: 0.000000 / 10.000000
Elapsed Time: 0.520833 / 10.000000
Elapsed Time: 1.041667 / 10.000000
Elapsed Time: 1.562500 / 10.000000
Elapsed Time: 2.083333 / 10.000000
Elapsed Time: 2.604167 / 10.000000
Elapsed Time: 3.125000 / 10.000000
Elapsed Time: 3.645833 / 10.000000
Elapsed Time: 4.166667 / 10.000000
Elapsed Time: 4.687500 / 10.000000
Elapsed Time: 5.208333 / 10.000000
Elapsed Time: 5.729167 / 10.000000
Elapsed Time: 6.250000 / 10.000000
Elapsed Time: 6.770833 / 10.000000
Elapsed Time: 7.291667 / 10.000000
Elapsed Time: 7.812500 / 10.000000
Elapsed Time: 8.333333 / 10.000000
Elapsed Time: 8.854167 / 10.000000
Elapsed Time: 9.375000 / 10.000000
Elapsed Time: 9.895833 / 10.000000
Total time chrono[ms]: 23217
Total time mpi[s]: 23.2176
Total energy: 7315.91
d_mass: 0.000000e+00
d_te:   -1.873120e-05
Pool Memory High Water Mark:       292992
Pool Memory High Water Mark:       292992Pool Memory High Water Mark:       292992
Pool Memory High Water Efficiency: Pool Memory High Water Efficiency: 0.00027287

Pool Memory High Water Efficiency: 0.00027287
0.00027287
Pool Memory High Water Mark:       292992
Pool Memory High Water Efficiency: 0.00027287
PER_PHASE + NO_HIDING
Running on Intel(R) Data Center GPU Max 1100
nx_glob, nz_glob: 128 64
dx,dz: 156.250000 156.250000
dt: 0.520833
Running on Intel(R) Data Center GPU Max 1100
Running on Intel(R) Data Center GPU Max 1100
Running on Intel(R) Data Center GPU Max 1100
Elapsed Time: 0.000000 / 10.000000
Elapsed Time: 0.520833 / 10.000000
Elapsed Time: 1.041667 / 10.000000
Elapsed Time: 1.562500 / 10.000000
Elapsed Time: 2.083333 / 10.000000
Elapsed Time: 2.604167 / 10.000000
Elapsed Time: 3.125000 / 10.000000
Elapsed Time: 3.645833 / 10.000000
Elapsed Time: 4.166667 / 10.000000
Elapsed Time: 4.687500 / 10.000000
Elapsed Time: 5.208333 / 10.000000
Elapsed Time: 5.729167 / 10.000000
Elapsed Time: 6.250000 / 10.000000
Elapsed Time: 6.770833 / 10.000000
Elapsed Time: 7.291667 / 10.000000
Elapsed Time: 7.812500 / 10.000000
Elapsed Time: 8.333333 / 10.000000
Elapsed Time: 8.854167 / 10.000000
Elapsed Time: 9.375000 / 10.000000
Elapsed Time: 9.895833 / 10.000000
Total time chrono[ms]: 80293
Total time mpi[s]: 80.2938
Total energy: 25122
d_mass: 0.000000e+00
d_te:   -1.873120e-05
Pool Memory High Water Mark:       292992
Pool Memory High Water Efficiency: Pool Memory High Water Mark:       292992Pool Memory High Water Mark:       292992
Pool Memory High Water Efficiency: Pool Memory High Water Mark:       292992
Pool Memory High Water Efficiency: 0.00027287
0.00027287

Pool Memory High Water Efficiency: 0.00027287
0.00027287
PER_PHASE + NO_HIDING
Running on Intel(R) Data Center GPU Max 1100
Running on Intel(R) Data Center GPU Max 1100
Running on Intel(R) Data Center GPU Max 1100
Running on Intel(R) Data Center GPU Max 1100
nx_glob, nz_glob: 128 64
dx,dz: 156.250000 156.250000
dt: 0.520833
Elapsed Time: 0.000000 / 10.000000
Elapsed Time: 0.520833 / 10.000000
Elapsed Time: 1.041667 / 10.000000
Elapsed Time: 1.562500 / 10.000000
Elapsed Time: 2.083333 / 10.000000
Elapsed Time: 2.604167 / 10.000000
Elapsed Time: 3.125000 / 10.000000
Elapsed Time: 3.645833 / 10.000000
Elapsed Time: 4.166667 / 10.000000
Elapsed Time: 4.687500 / 10.000000
Elapsed Time: 5.208333 / 10.000000
Elapsed Time: 5.729167 / 10.000000
Elapsed Time: 6.250000 / 10.000000
Elapsed Time: 6.770833 / 10.000000
Elapsed Time: 7.291667 / 10.000000
Elapsed Time: 7.812500 / 10.000000
Elapsed Time: 8.333333 / 10.000000
Elapsed Time: 8.854167 / 10.000000
Elapsed Time: 9.375000 / 10.000000
Elapsed Time: 9.895833 / 10.000000
Total time chrono[ms]: 26681
Total time mpi[s]: 26.6817
Total energy: 8416.47
d_mass: 0.000000e+00
d_te:   -1.873120e-05
Pool Memory High Water Mark:       292992
Pool Memory High Water Efficiency: 0.00027287
Pool Memory High Water Mark:       292992
Pool Memory High Water Efficiency: Pool Memory High Water Mark:       292992
Pool Memory High Water Efficiency: Pool Memory High Water Mark:       292992
Pool Memory High Water Efficiency: 0.00027287
0.00027287
0.00027287
PER_PHASE + NO_HIDING
Running on Intel(R) Data Center GPU Max 1100
nx_glob, nz_glob: 128 64
dx,dz: 156.250000 156.250000
dt: 0.520833
Running on Intel(R) Data Center GPU Max 1100
Running on Intel(R) Data Center GPU Max 1100
Running on Intel(R) Data Center GPU Max 1100
Elapsed Time: 0.000000 / 10.000000
Elapsed Time: 0.520833 / 10.000000
Elapsed Time: 1.041667 / 10.000000
Elapsed Time: 1.562500 / 10.000000
Elapsed Time: 2.083333 / 10.000000
Elapsed Time: 2.604167 / 10.000000
Elapsed Time: 3.125000 / 10.000000
Elapsed Time: 3.645833 / 10.000000
Elapsed Time: 4.166667 / 10.000000
Elapsed Time: 4.687500 / 10.000000
Elapsed Time: 5.208333 / 10.000000
Elapsed Time: 5.729167 / 10.000000
Elapsed Time: 6.250000 / 10.000000
Elapsed Time: 6.770833 / 10.000000
Elapsed Time: 7.291667 / 10.000000
Elapsed Time: 7.812500 / 10.000000
Elapsed Time: 8.333333 / 10.000000
Elapsed Time: 8.854167 / 10.000000
Elapsed Time: 9.375000 / 10.000000
Elapsed Time: 9.895833 / 10.000000
Total time chrono[ms]: 31361
Total time mpi[s]: 31.3617
Total energy: 9928.55
d_mass: 0.000000e+00
d_te:   -1.873120e-05
Pool Memory High Water Mark:       292992
Pool Memory High Water Mark:       292992Pool Memory High Water Mark:       292992
Pool Memory High Water Efficiency: 0.00027287

Pool Memory High Water Efficiency: 0.00027287
Pool Memory High Water Efficiency: 0.00027287
Pool Memory High Water Mark:       292992
Pool Memory High Water Efficiency: 0.00027287
PER_PHASE + NO_HIDING
Running on Intel(R) Data Center GPU Max 1100
Running on Intel(R) Data Center GPU Max 1100
nx_glob, nz_glob: 128 64
dx,dz: 156.250000 156.250000
dt: 0.520833
Running on Intel(R) Data Center GPU Max 1100
Running on Intel(R) Data Center GPU Max 1100
Elapsed Time: 0.000000 / 10.000000
Elapsed Time: 0.520833 / 10.000000
Elapsed Time: 1.041667 / 10.000000
Elapsed Time: 1.562500 / 10.000000
Elapsed Time: 2.083333 / 10.000000
Elapsed Time: 2.604167 / 10.000000
Elapsed Time: 3.125000 / 10.000000
Elapsed Time: 3.645833 / 10.000000
Elapsed Time: 4.166667 / 10.000000
Elapsed Time: 4.687500 / 10.000000
Elapsed Time: 5.208333 / 10.000000
Elapsed Time: 5.729167 / 10.000000
Elapsed Time: 6.250000 / 10.000000
Elapsed Time: 6.770833 / 10.000000
Elapsed Time: 7.291667 / 10.000000
Elapsed Time: 7.812500 / 10.000000
Elapsed Time: 8.333333 / 10.000000
Elapsed Time: 8.854167 / 10.000000
Elapsed Time: 9.375000 / 10.000000
Elapsed Time: 9.895833 / 10.000000
Total time chrono[ms]: 25052
Total time mpi[s]: 25.0525
Total energy: 7890.66
d_mass: 0.000000e+00
d_te:   -1.873120e-05
Pool Memory High Water Mark:       292992
Pool Memory High Water Efficiency: Pool Memory High Water Mark:       292992
Pool Memory High Water Mark:       292992
Pool Memory High Water Efficiency: Pool Memory High Water Mark:       292992
Pool Memory High Water Efficiency: 0.00027287
0.00027287
Pool Memory High Water Efficiency: 0.00027287
0.00027287
PER_PHASE + NO_HIDING
Running on Intel(R) Data Center GPU Max 1100
Running on Intel(R) Data Center GPU Max 1100
nx_glob, nz_glob: 128 64
dx,dz: 156.250000 156.250000
dt: 0.520833
Running on Intel(R) Data Center GPU Max 1100
Running on Intel(R) Data Center GPU Max 1100
Elapsed Time: 0.000000 / 10.000000
Elapsed Time: 0.520833 / 10.000000
Elapsed Time: 1.041667 / 10.000000
Elapsed Time: 1.562500 / 10.000000
Elapsed Time: 2.083333 / 10.000000
Elapsed Time: 2.604167 / 10.000000
Elapsed Time: 3.125000 / 10.000000
Elapsed Time: 3.645833 / 10.000000
Elapsed Time: 4.166667 / 10.000000
Elapsed Time: 4.687500 / 10.000000
Elapsed Time: 5.208333 / 10.000000
Elapsed Time: 5.729167 / 10.000000
Elapsed Time: 6.250000 / 10.000000
Elapsed Time: 6.770833 / 10.000000
Elapsed Time: 7.291667 / 10.000000
Elapsed Time: 7.812500 / 10.000000
Elapsed Time: 8.333333 / 10.000000
Elapsed Time: 8.854167 / 10.000000
Elapsed Time: 9.375000 / 10.000000
Elapsed Time: 9.895833 / 10.000000
Total time chrono[ms]: 55776
Total time mpi[s]: 55.777
Total energy: 17327.2
d_mass: 0.000000e+00
d_te:   -1.873120e-05
Pool Memory High Water Mark:       292992
Pool Memory High Water Efficiency: Pool Memory High Water Mark:       292992
Pool Memory High Water Mark:       292992
Pool Memory High Water Efficiency: Pool Memory High Water Mark:       292992
Pool Memory High Water Efficiency: 0.00027287
Pool Memory High Water Efficiency: 0.00027287
0.00027287
0.00027287
PER_PHASE + NO_HIDING
Running on Intel(R) Data Center GPU Max 1100
Running on Intel(R) Data Center GPU Max 1100
Running on Intel(R) Data Center GPU Max 1100
nx_glob, nz_glob: 128 64
dx,dz: 156.250000 156.250000
dt: 0.520833
Running on Intel(R) Data Center GPU Max 1100
Elapsed Time: 0.000000 / 10.000000
Elapsed Time: 0.520833 / 10.000000
Elapsed Time: 1.041667 / 10.000000
Elapsed Time: 1.562500 / 10.000000
Elapsed Time: 2.083333 / 10.000000
Elapsed Time: 2.604167 / 10.000000
Elapsed Time: 3.125000 / 10.000000
Elapsed Time: 3.645833 / 10.000000
Elapsed Time: 4.166667 / 10.000000
Elapsed Time: 4.687500 / 10.000000
Elapsed Time: 5.208333 / 10.000000
Elapsed Time: 5.729167 / 10.000000
Elapsed Time: 6.250000 / 10.000000
Elapsed Time: 6.770833 / 10.000000
Elapsed Time: 7.291667 / 10.000000
Elapsed Time: 7.812500 / 10.000000
Elapsed Time: 8.333333 / 10.000000
Elapsed Time: 8.854167 / 10.000000
Elapsed Time: 9.375000 / 10.000000
Elapsed Time: 9.895833 / 10.000000
Total time chrono[ms]: 32522
Total time mpi[s]: 32.5221
Total energy: 10104.9
d_mass: 0.000000e+00
d_te:   -1.873120e-05
Pool Memory High Water Mark:       292992
Pool Memory High Water Efficiency: Pool Memory High Water Mark:       292992
Pool Memory High Water Efficiency: Pool Memory High Water Mark:       292992
Pool Memory High Water Efficiency: 0.00027287Pool Memory High Water Mark:       292992
Pool Memory High Water Efficiency: 0.00027287
0.00027287
0.00027287

PER_PHASE + NO_HIDING
Running on Intel(R) Data Center GPU Max 1100
nx_glob, nz_glob: 128 64
dx,dz: 156.250000 156.250000
dt: 0.520833
Running on Intel(R) Data Center GPU Max 1100
Running on Intel(R) Data Center GPU Max 1100
Running on Intel(R) Data Center GPU Max 1100
Elapsed Time: 0.000000 / 10.000000
Elapsed Time: 0.520833 / 10.000000
Elapsed Time: 1.041667 / 10.000000
Elapsed Time: 1.562500 / 10.000000
Elapsed Time: 2.083333 / 10.000000
Elapsed Time: 2.604167 / 10.000000
Elapsed Time: 3.125000 / 10.000000
Elapsed Time: 3.645833 / 10.000000
Elapsed Time: 4.166667 / 10.000000
Elapsed Time: 4.687500 / 10.000000
Elapsed Time: 5.208333 / 10.000000
Elapsed Time: 5.729167 / 10.000000
Elapsed Time: 6.250000 / 10.000000
Elapsed Time: 6.770833 / 10.000000
Elapsed Time: 7.291667 / 10.000000
Elapsed Time: 7.812500 / 10.000000
Elapsed Time: 8.333333 / 10.000000
Elapsed Time: 8.854167 / 10.000000
Elapsed Time: 9.375000 / 10.000000
Elapsed Time: 9.895833 / 10.000000
Total time chrono[ms]: 51518
Total time mpi[s]: 51.5191
Total energy: 16553.6
d_mass: 0.000000e+00
d_te:   -1.873120e-05
Pool Memory High Water Mark:       292992
Pool Memory High Water Efficiency: Pool Memory High Water Mark:       292992
Pool Memory High Water Mark:       292992
Pool Memory High Water Efficiency: Pool Memory High Water Mark:       292992
Pool Memory High Water Efficiency: 0.00027287
0.00027287
Pool Memory High Water Efficiency: 0.00027287
0.00027287
PER_PHASE + NO_HIDING
Running on Intel(R) Data Center GPU Max 1100
nx_glob, nz_glob: 128 64
dx,dz: 156.250000 156.250000
dt: 0.520833
Running on Intel(R) Data Center GPU Max 1100
Running on Intel(R) Data Center GPU Max 1100
Running on Intel(R) Data Center GPU Max 1100
Elapsed Time: 0.000000 / 10.000000
Elapsed Time: 0.520833 / 10.000000
Elapsed Time: 1.041667 / 10.000000
Elapsed Time: 1.562500 / 10.000000
Elapsed Time: 2.083333 / 10.000000
Elapsed Time: 2.604167 / 10.000000
Elapsed Time: 3.125000 / 10.000000
Elapsed Time: 3.645833 / 10.000000
Elapsed Time: 4.166667 / 10.000000
Elapsed Time: 4.687500 / 10.000000
Elapsed Time: 5.208333 / 10.000000
Elapsed Time: 5.729167 / 10.000000
Elapsed Time: 6.250000 / 10.000000
Elapsed Time: 6.770833 / 10.000000
Elapsed Time: 7.291667 / 10.000000
Elapsed Time: 7.812500 / 10.000000
Elapsed Time: 8.333333 / 10.000000
Elapsed Time: 8.854167 / 10.000000
Elapsed Time: 9.375000 / 10.000000
Elapsed Time: 9.895833 / 10.000000
Total time chrono[ms]: 40681
Total time mpi[s]: 40.6818
Total energy: 12764.5
d_mass: 0.000000e+00
d_te:   -1.873120e-05
Pool Memory High Water Mark:       292992Pool Memory High Water Mark:       292992Pool Memory High Water Mark:       292992
Pool Memory High Water Mark:       292992
Pool Memory High Water Efficiency: 
Pool Memory High Water Efficiency: 0.00027287

Pool Memory High Water Efficiency: 0.00027287
Pool Memory High Water Efficiency: 0.00027287
0.00027287
PER_PHASE + NO_HIDING
Running on Intel(R) Data Center GPU Max 1100
nx_glob, nz_glob: 128 64
dx,dz: 156.250000 156.250000
dt: 0.520833
Running on Intel(R) Data Center GPU Max 1100
Running on Intel(R) Data Center GPU Max 1100
Running on Intel(R) Data Center GPU Max 1100
Elapsed Time: 0.000000 / 10.000000
Elapsed Time: 0.520833 / 10.000000
Elapsed Time: 1.041667 / 10.000000
Elapsed Time: 1.562500 / 10.000000
Elapsed Time: 2.083333 / 10.000000
Elapsed Time: 2.604167 / 10.000000
Elapsed Time: 3.125000 / 10.000000
Elapsed Time: 3.645833 / 10.000000
Elapsed Time: 4.166667 / 10.000000
Elapsed Time: 4.687500 / 10.000000
Elapsed Time: 5.208333 / 10.000000
Elapsed Time: 5.729167 / 10.000000
Elapsed Time: 6.250000 / 10.000000
Elapsed Time: 6.770833 / 10.000000
Elapsed Time: 7.291667 / 10.000000
Elapsed Time: 7.812500 / 10.000000
Elapsed Time: 8.333333 / 10.000000
Elapsed Time: 8.854167 / 10.000000
Elapsed Time: 9.375000 / 10.000000
Elapsed Time: 9.895833 / 10.000000
Total time chrono[ms]: 36471
Total time mpi[s]: 36.472
Total energy: 11255.6
d_mass: 0.000000e+00
d_te:   -1.873120e-05
Pool Memory High Water Mark:       292992
Pool Memory High Water Efficiency: Pool Memory High Water Mark:       292992
Pool Memory High Water Mark:       292992
Pool Memory High Water Efficiency: Pool Memory High Water Mark:       292992
Pool Memory High Water Efficiency: 0.00027287
0.00027287
Pool Memory High Water Efficiency: 0.00027287
0.00027287
PER_PHASE + NO_HIDING
Running on Intel(R) Data Center GPU Max 1100
nx_glob, nz_glob: 128 64
dx,dz: 156.250000 156.250000
dt: 0.520833
Running on Intel(R) Data Center GPU Max 1100
Running on Intel(R) Data Center GPU Max 1100
Running on Intel(R) Data Center GPU Max 1100
Elapsed Time: 0.000000 / 10.000000
Elapsed Time: 0.520833 / 10.000000
Elapsed Time: 1.041667 / 10.000000
Elapsed Time: 1.562500 / 10.000000
Elapsed Time: 2.083333 / 10.000000
Elapsed Time: 2.604167 / 10.000000
Elapsed Time: 3.125000 / 10.000000
Elapsed Time: 3.645833 / 10.000000
Elapsed Time: 4.166667 / 10.000000
Elapsed Time: 4.687500 / 10.000000
Elapsed Time: 5.208333 / 10.000000
Elapsed Time: 5.729167 / 10.000000
Elapsed Time: 6.250000 / 10.000000
Elapsed Time: 6.770833 / 10.000000
Elapsed Time: 7.291667 / 10.000000
Elapsed Time: 7.812500 / 10.000000
Elapsed Time: 8.333333 / 10.000000
Elapsed Time: 8.854167 / 10.000000
Elapsed Time: 9.375000 / 10.000000
Elapsed Time: 9.895833 / 10.000000
Total time chrono[ms]: 96265
Total time mpi[s]: 96.2659
Total energy: 30778
d_mass: 0.000000e+00
d_te:   -1.873120e-05
Pool Memory High Water Mark:       292992
Pool Memory High Water Efficiency: Pool Memory High Water Mark:       292992Pool Memory High Water Mark:       292992
Pool Memory High Water Efficiency: Pool Memory High Water Mark:       292992
Pool Memory High Water Efficiency: 0.00027287
0.00027287

Pool Memory High Water Efficiency: 0.00027287
0.00027287
PER_PHASE + NO_HIDING
Running on Intel(R) Data Center GPU Max 1100
Running on Intel(R) Data Center GPU Max 1100
nx_glob, nz_glob: 128 64
dx,dz: 156.250000 156.250000
dt: 0.520833
Running on Intel(R) Data Center GPU Max 1100
Running on Intel(R) Data Center GPU Max 1100
Elapsed Time: 0.000000 / 10.000000
Elapsed Time: 0.520833 / 10.000000
Elapsed Time: 1.041667 / 10.000000
Elapsed Time: 1.562500 / 10.000000
Elapsed Time: 2.083333 / 10.000000
Elapsed Time: 2.604167 / 10.000000
Elapsed Time: 3.125000 / 10.000000
Elapsed Time: 3.645833 / 10.000000
Elapsed Time: 4.166667 / 10.000000
Elapsed Time: 4.687500 / 10.000000
Elapsed Time: 5.208333 / 10.000000
Elapsed Time: 5.729167 / 10.000000
Elapsed Time: 6.250000 / 10.000000
Elapsed Time: 6.770833 / 10.000000
Elapsed Time: 7.291667 / 10.000000
Elapsed Time: 7.812500 / 10.000000
Elapsed Time: 8.333333 / 10.000000
Elapsed Time: 8.854167 / 10.000000
Elapsed Time: 9.375000 / 10.000000
Elapsed Time: 9.895833 / 10.000000
Total time chrono[ms]: 31659
Total time mpi[s]: 31.6597
Total energy: 9917.65
d_mass: 0.000000e+00
d_te:   -1.873120e-05
Pool Memory High Water Mark:       292992Pool Memory High Water Mark:       292992Pool Memory High Water Mark:       292992
Pool Memory High Water Mark:       292992
Pool Memory High Water Efficiency: 
Pool Memory High Water Efficiency: 0.00027287

Pool Memory High Water Efficiency: 0.00027287
Pool Memory High Water Efficiency: 0.00027287
0.00027287
PER_PHASE + NO_HIDING
Running on Intel(R) Data Center GPU Max 1100
nx_glob, nz_glob: 128 64
dx,dz: 156.250000 156.250000
dt: 0.520833
Running on Intel(R) Data Center GPU Max 1100
Running on Intel(R) Data Center GPU Max 1100
Running on Intel(R) Data Center GPU Max 1100
Elapsed Time: 0.000000 / 10.000000
Elapsed Time: 0.520833 / 10.000000
Elapsed Time: 1.041667 / 10.000000
Elapsed Time: 1.562500 / 10.000000
Elapsed Time: 2.083333 / 10.000000
Elapsed Time: 2.604167 / 10.000000
Elapsed Time: 3.125000 / 10.000000
Elapsed Time: 3.645833 / 10.000000
Elapsed Time: 4.166667 / 10.000000
Elapsed Time: 4.687500 / 10.000000
Elapsed Time: 5.208333 / 10.000000
Elapsed Time: 5.729167 / 10.000000
Elapsed Time: 6.250000 / 10.000000
Elapsed Time: 6.770833 / 10.000000
Elapsed Time: 7.291667 / 10.000000
Elapsed Time: 7.812500 / 10.000000
Elapsed Time: 8.333333 / 10.000000
Elapsed Time: 8.854167 / 10.000000
Elapsed Time: 9.375000 / 10.000000
Elapsed Time: 9.895833 / 10.000000
Total time chrono[ms]: 42335
Total time mpi[s]: 42.3358
Total energy: 13333.7
d_mass: 0.000000e+00
d_te:   -1.873120e-05
Pool Memory High Water Mark:       292992Pool Memory High Water Mark:       292992Pool Memory High Water Mark:       292992
Pool Memory High Water Mark:       292992
Pool Memory High Water Efficiency: 
Pool Memory High Water Efficiency: 0.00027287

Pool Memory High Water Efficiency: 0.00027287
Pool Memory High Water Efficiency: 0.00027287
0.00027287
PER_PHASE + NO_HIDING
Running on Intel(R) Data Center GPU Max 1100
nx_glob, nz_glob: 128 64
dx,dz: 156.250000 156.250000
dt: 0.520833
Running on Intel(R) Data Center GPU Max 1100
Running on Intel(R) Data Center GPU Max 1100
Running on Intel(R) Data Center GPU Max 1100
Elapsed Time: 0.000000 / 10.000000
Elapsed Time: 0.520833 / 10.000000
Elapsed Time: 1.041667 / 10.000000
Elapsed Time: 1.562500 / 10.000000
Elapsed Time: 2.083333 / 10.000000
Elapsed Time: 2.604167 / 10.000000
Elapsed Time: 3.125000 / 10.000000
Elapsed Time: 3.645833 / 10.000000
Elapsed Time: 4.166667 / 10.000000
Elapsed Time: 4.687500 / 10.000000
Elapsed Time: 5.208333 / 10.000000
Elapsed Time: 5.729167 / 10.000000
Elapsed Time: 6.250000 / 10.000000
Elapsed Time: 6.770833 / 10.000000
Elapsed Time: 7.291667 / 10.000000
Elapsed Time: 7.812500 / 10.000000
Elapsed Time: 8.333333 / 10.000000
Elapsed Time: 8.854167 / 10.000000
Elapsed Time: 9.375000 / 10.000000
Elapsed Time: 9.895833 / 10.000000
Total time chrono[ms]: 20956
Total time mpi[s]: 20.9565
Total energy: 6564.84
d_mass: 0.000000e+00
d_te:   -1.873120e-05
Pool Memory High Water Mark:       292992Pool Memory High Water Mark:       292992Pool Memory High Water Mark:       292992
Pool Memory High Water Mark:       292992
Pool Memory High Water Efficiency: 
Pool Memory High Water Efficiency: 0.00027287

Pool Memory High Water Efficiency: 0.00027287
Pool Memory High Water Efficiency: 0.00027287
0.00027287
PER_PHASE + NO_HIDING
Running on Intel(R) Data Center GPU Max 1100
nx_glob, nz_glob: 128 64
dx,dz: 156.250000 156.250000
dt: 0.520833
Running on Intel(R) Data Center GPU Max 1100
Running on Intel(R) Data Center GPU Max 1100
Running on Intel(R) Data Center GPU Max 1100
Elapsed Time: 0.000000 / 10.000000
Elapsed Time: 0.520833 / 10.000000
Elapsed Time: 1.041667 / 10.000000
Elapsed Time: 1.562500 / 10.000000
Elapsed Time: 2.083333 / 10.000000
Elapsed Time: 2.604167 / 10.000000
Elapsed Time: 3.125000 / 10.000000
Elapsed Time: 3.645833 / 10.000000
Elapsed Time: 4.166667 / 10.000000
Elapsed Time: 4.687500 / 10.000000
Elapsed Time: 5.208333 / 10.000000
Elapsed Time: 5.729167 / 10.000000
Elapsed Time: 6.250000 / 10.000000
Elapsed Time: 6.770833 / 10.000000
Elapsed Time: 7.291667 / 10.000000
Elapsed Time: 7.812500 / 10.000000
Elapsed Time: 8.333333 / 10.000000
Elapsed Time: 8.854167 / 10.000000
Elapsed Time: 9.375000 / 10.000000
Elapsed Time: 9.895833 / 10.000000
Total time chrono[ms]: 26610
Total time mpi[s]: 26.6102
Total energy: 8390.94
d_mass: 0.000000e+00
d_te:   -1.873120e-05
Pool Memory High Water Mark:       292992Pool Memory High Water Mark:       292992Pool Memory High Water Mark:       292992

Pool Memory High Water Efficiency: 0.00027287

Pool Memory High Water Efficiency: Pool Memory High Water Efficiency: 0.00027287
Pool Memory High Water Mark:       292992
Pool Memory High Water Efficiency: 0.00027287
0.00027287
PER_PHASE + NO_HIDING
Running on Intel(R) Data Center GPU Max 1100
nx_glob, nz_glob: 128 64
dx,dz: 156.250000 156.250000
dt: 0.520833
Running on Intel(R) Data Center GPU Max 1100
Running on Intel(R) Data Center GPU Max 1100
Running on Intel(R) Data Center GPU Max 1100
Elapsed Time: 0.000000 / 10.000000
Elapsed Time: 0.520833 / 10.000000
Elapsed Time: 1.041667 / 10.000000
Elapsed Time: 1.562500 / 10.000000
Elapsed Time: 2.083333 / 10.000000
Elapsed Time: 2.604167 / 10.000000
Elapsed Time: 3.125000 / 10.000000
Elapsed Time: 3.645833 / 10.000000
Elapsed Time: 4.166667 / 10.000000
Elapsed Time: 4.687500 / 10.000000
Elapsed Time: 5.208333 / 10.000000
Elapsed Time: 5.729167 / 10.000000
Elapsed Time: 6.250000 / 10.000000
Elapsed Time: 6.770833 / 10.000000
Elapsed Time: 7.291667 / 10.000000
Elapsed Time: 7.812500 / 10.000000
Elapsed Time: 8.333333 / 10.000000
Elapsed Time: 8.854167 / 10.000000
Elapsed Time: 9.375000 / 10.000000
Elapsed Time: 9.895833 / 10.000000
Total time chrono[ms]: 38056
Total time mpi[s]: 38.057
Total energy: 12102.1
d_mass: 0.000000e+00
d_te:   -1.873120e-05
Pool Memory High Water Mark:       292992Pool Memory High Water Mark:       292992Pool Memory High Water Mark:       292992
Pool Memory High Water Mark:       292992
Pool Memory High Water Efficiency: 
Pool Memory High Water Efficiency: 0.00027287

Pool Memory High Water Efficiency: 0.00027287
Pool Memory High Water Efficiency: 0.00027287
0.00027287
PER_PHASE + NO_HIDING
Running on Intel(R) Data Center GPU Max 1100
Running on Intel(R) Data Center GPU Max 1100
Running on Intel(R) Data Center GPU Max 1100
nx_glob, nz_glob: 128 64
dx,dz: 156.250000 156.250000
dt: 0.520833
Running on Intel(R) Data Center GPU Max 1100
Elapsed Time: 0.000000 / 10.000000
Elapsed Time: 0.520833 / 10.000000
Elapsed Time: 1.041667 / 10.000000
Elapsed Time: 1.562500 / 10.000000
Elapsed Time: 2.083333 / 10.000000
Elapsed Time: 2.604167 / 10.000000
Elapsed Time: 3.125000 / 10.000000
Elapsed Time: 3.645833 / 10.000000
Elapsed Time: 4.166667 / 10.000000
Elapsed Time: 4.687500 / 10.000000
Elapsed Time: 5.208333 / 10.000000
Elapsed Time: 5.729167 / 10.000000
Elapsed Time: 6.250000 / 10.000000
Elapsed Time: 6.770833 / 10.000000
Elapsed Time: 7.291667 / 10.000000
Elapsed Time: 7.812500 / 10.000000
Elapsed Time: 8.333333 / 10.000000
Elapsed Time: 8.854167 / 10.000000
Elapsed Time: 9.375000 / 10.000000
Elapsed Time: 9.895833 / 10.000000
Total time chrono[ms]: 38965
Total time mpi[s]: 38.9658
Total energy: 12067.5
d_mass: 0.000000e+00
d_te:   -1.873120e-05
Pool Memory High Water Mark:       292992
Pool Memory High Water Efficiency: 0.00027287
Pool Memory High Water Mark:       292992
Pool Memory High Water Efficiency: Pool Memory High Water Mark:       292992
Pool Memory High Water Efficiency: Pool Memory High Water Mark:       292992
Pool Memory High Water Efficiency: 0.00027287
0.00027287
0.00027287
PER_PHASE + NO_HIDING
Running on Intel(R) Data Center GPU Max 1100
nx_glob, nz_glob: 128 64
dx,dz: 156.250000 156.250000
dt: 0.520833
Running on Intel(R) Data Center GPU Max 1100
Running on Intel(R) Data Center GPU Max 1100
Running on Intel(R) Data Center GPU Max 1100
Elapsed Time: 0.000000 / 10.000000
Elapsed Time: 0.520833 / 10.000000
Elapsed Time: 1.041667 / 10.000000
Elapsed Time: 1.562500 / 10.000000
Elapsed Time: 2.083333 / 10.000000
Elapsed Time: 2.604167 / 10.000000
Elapsed Time: 3.125000 / 10.000000
Elapsed Time: 3.645833 / 10.000000
Elapsed Time: 4.166667 / 10.000000
Elapsed Time: 4.687500 / 10.000000
Elapsed Time: 5.208333 / 10.000000
Elapsed Time: 5.729167 / 10.000000
Elapsed Time: 6.250000 / 10.000000
Elapsed Time: 6.770833 / 10.000000
Elapsed Time: 7.291667 / 10.000000
Elapsed Time: 7.812500 / 10.000000
Elapsed Time: 8.333333 / 10.000000
Elapsed Time: 8.854167 / 10.000000
Elapsed Time: 9.375000 / 10.000000
Elapsed Time: 9.895833 / 10.000000
Total time chrono[ms]: 54741
Total time mpi[s]: 54.7419
Total energy: 17303.3
d_mass: 0.000000e+00
d_te:   -1.873120e-05
Pool Memory High Water Mark:       292992
Pool Memory High Water Efficiency: 0.00027287
Pool Memory High Water Mark:       292992
Pool Memory High Water Efficiency: Pool Memory High Water Mark:       292992
Pool Memory High Water Efficiency: 0.00027287
Pool Memory High Water Mark:       292992
Pool Memory High Water Efficiency: 0.00027287
0.00027287
PER_PHASE + NO_HIDING
Running on Intel(R) Data Center GPU Max 1100
Running on Intel(R) Data Center GPU Max 1100
Running on Intel(R) Data Center GPU Max 1100
Running on Intel(R) Data Center GPU Max 1100
nx_glob, nz_glob: 128 64
dx,dz: 156.250000 156.250000
dt: 0.520833
Elapsed Time: 0.000000 / 10.000000
Elapsed Time: 0.520833 / 10.000000
Elapsed Time: 1.041667 / 10.000000
Elapsed Time: 1.562500 / 10.000000
Elapsed Time: 2.083333 / 10.000000
Elapsed Time: 2.604167 / 10.000000
Elapsed Time: 3.125000 / 10.000000
Elapsed Time: 3.645833 / 10.000000
Elapsed Time: 4.166667 / 10.000000
Elapsed Time: 4.687500 / 10.000000
Elapsed Time: 5.208333 / 10.000000
Elapsed Time: 5.729167 / 10.000000
Elapsed Time: 6.250000 / 10.000000
Elapsed Time: 6.770833 / 10.000000
Elapsed Time: 7.291667 / 10.000000
Elapsed Time: 7.812500 / 10.000000
Elapsed Time: 8.333333 / 10.000000
Elapsed Time: 8.854167 / 10.000000
Elapsed Time: 9.375000 / 10.000000
Elapsed Time: 9.895833 / 10.000000
Total time chrono[ms]: 71442
Total time mpi[s]: 71.4423
Total energy: 22487.8
d_mass: 0.000000e+00
d_te:   -1.873120e-05
Pool Memory High Water Mark:       292992Pool Memory High Water Mark:       292992Pool Memory High Water Mark:       292992
Pool Memory High Water Efficiency: Pool Memory High Water Mark:       292992
Pool Memory High Water Efficiency: 0.00027287

Pool Memory High Water Efficiency: 0.00027287

Pool Memory High Water Efficiency: 0.00027287
0.00027287
PER_PHASE + NO_HIDING
Running on Intel(R) Data Center GPU Max 1100
nx_glob, nz_glob: 128 64
dx,dz: 156.250000 156.250000
dt: 0.520833
Running on Intel(R) Data Center GPU Max 1100
Running on Intel(R) Data Center GPU Max 1100
Running on Intel(R) Data Center GPU Max 1100
Elapsed Time: 0.000000 / 10.000000
Elapsed Time: 0.520833 / 10.000000
Elapsed Time: 1.041667 / 10.000000
Elapsed Time: 1.562500 / 10.000000
Elapsed Time: 2.083333 / 10.000000
Elapsed Time: 2.604167 / 10.000000
Elapsed Time: 3.125000 / 10.000000
Elapsed Time: 3.645833 / 10.000000
Elapsed Time: 4.166667 / 10.000000
Elapsed Time: 4.687500 / 10.000000
Elapsed Time: 5.208333 / 10.000000
Elapsed Time: 5.729167 / 10.000000
Elapsed Time: 6.250000 / 10.000000
Elapsed Time: 6.770833 / 10.000000
Elapsed Time: 7.291667 / 10.000000
Elapsed Time: 7.812500 / 10.000000
Elapsed Time: 8.333333 / 10.000000
Elapsed Time: 8.854167 / 10.000000
Elapsed Time: 9.375000 / 10.000000
Elapsed Time: 9.895833 / 10.000000
Total time chrono[ms]: 62370
Total time mpi[s]: 62.3702
Total energy: 19737.7
d_mass: 0.000000e+00
d_te:   -1.873120e-05
Pool Memory High Water Mark:       292992
Pool Memory High Water Efficiency: 0.00027287
Pool Memory High Water Mark:       292992
Pool Memory High Water Mark:       292992
Pool Memory High Water Efficiency: Pool Memory High Water Mark:       292992
Pool Memory High Water Efficiency: 0.00027287
Pool Memory High Water Efficiency: 0.00027287
0.00027287
PER_PHASE + NO_HIDING
Running on Intel(R) Data Center GPU Max 1100
nx_glob, nz_glob: 128 64
dx,dz: 156.250000 156.250000
dt: 0.520833
Running on Intel(R) Data Center GPU Max 1100
Running on Intel(R) Data Center GPU Max 1100
Running on Intel(R) Data Center GPU Max 1100
Elapsed Time: 0.000000 / 10.000000
Elapsed Time: 0.520833 / 10.000000
Elapsed Time: 1.041667 / 10.000000
Elapsed Time: 1.562500 / 10.000000
Elapsed Time: 2.083333 / 10.000000
Elapsed Time: 2.604167 / 10.000000
Elapsed Time: 3.125000 / 10.000000
Elapsed Time: 3.645833 / 10.000000
Elapsed Time: 4.166667 / 10.000000
Elapsed Time: 4.687500 / 10.000000
Elapsed Time: 5.208333 / 10.000000
Elapsed Time: 5.729167 / 10.000000
Elapsed Time: 6.250000 / 10.000000
Elapsed Time: 6.770833 / 10.000000
Elapsed Time: 7.291667 / 10.000000
Elapsed Time: 7.812500 / 10.000000
Elapsed Time: 8.333333 / 10.000000
Elapsed Time: 8.854167 / 10.000000
Elapsed Time: 9.375000 / 10.000000
Elapsed Time: 9.895833 / 10.000000
Total time chrono[ms]: 99840
Total time mpi[s]: 99.8411
Total energy: 32133.2
d_mass: 0.000000e+00
d_te:   -1.873120e-05
Pool Memory High Water Mark:       292992
Pool Memory High Water Mark:       292992
Pool Memory High Water Mark:       292992
Pool Memory High Water Efficiency: Pool Memory High Water Efficiency: 0.00027287
Pool Memory High Water Mark:       292992
Pool Memory High Water Efficiency: Pool Memory High Water Efficiency: 0.00027287
0.00027287
0.00027287
PER_PHASE + NO_HIDING
Running on Intel(R) Data Center GPU Max 1100
nx_glob, nz_glob: 128 64
dx,dz: 156.250000 156.250000
dt: 0.520833
Running on Intel(R) Data Center GPU Max 1100
Running on Intel(R) Data Center GPU Max 1100
Running on Intel(R) Data Center GPU Max 1100
Elapsed Time: 0.000000 / 10.000000
Elapsed Time: 0.520833 / 10.000000
Elapsed Time: 1.041667 / 10.000000
Elapsed Time: 1.562500 / 10.000000
Elapsed Time: 2.083333 / 10.000000
Elapsed Time: 2.604167 / 10.000000
Elapsed Time: 3.125000 / 10.000000
Elapsed Time: 3.645833 / 10.000000
Elapsed Time: 4.166667 / 10.000000
Elapsed Time: 4.687500 / 10.000000
Elapsed Time: 5.208333 / 10.000000
Elapsed Time: 5.729167 / 10.000000
Elapsed Time: 6.250000 / 10.000000
Elapsed Time: 6.770833 / 10.000000
Elapsed Time: 7.291667 / 10.000000
Elapsed Time: 7.812500 / 10.000000
Elapsed Time: 8.333333 / 10.000000
Elapsed Time: 8.854167 / 10.000000
Elapsed Time: 9.375000 / 10.000000
Elapsed Time: 9.895833 / 10.000000
Total time chrono[ms]: 36434
Total time mpi[s]: 36.4344
Total energy: 11392.8
d_mass: 0.000000e+00
d_te:   -1.873120e-05
Pool Memory High Water Mark:       292992Pool Memory High Water Mark:       292992Pool Memory High Water Mark:       292992

Pool Memory High Water Efficiency: 0.00027287
Pool Memory High Water Mark:       292992
Pool Memory High Water Efficiency: 
Pool Memory High Water Efficiency: 0.00027287
Pool Memory High Water Efficiency: 0.00027287
0.00027287
PER_PHASE + NO_HIDING
Running on Intel(R) Data Center GPU Max 1100
Running on Intel(R) Data Center GPU Max 1100
Running on Intel(R) Data Center GPU Max 1100
nx_glob, nz_glob: 128 64
dx,dz: 156.250000 156.250000
dt: 0.520833
Running on Intel(R) Data Center GPU Max 1100
Elapsed Time: 0.000000 / 10.000000
Elapsed Time: 0.520833 / 10.000000
Elapsed Time: 1.041667 / 10.000000
Elapsed Time: 1.562500 / 10.000000
Elapsed Time: 2.083333 / 10.000000
Elapsed Time: 2.604167 / 10.000000
Elapsed Time: 3.125000 / 10.000000
Elapsed Time: 3.645833 / 10.000000
Elapsed Time: 4.166667 / 10.000000
Elapsed Time: 4.687500 / 10.000000
Elapsed Time: 5.208333 / 10.000000
Elapsed Time: 5.729167 / 10.000000
Elapsed Time: 6.250000 / 10.000000
Elapsed Time: 6.770833 / 10.000000
Elapsed Time: 7.291667 / 10.000000
Elapsed Time: 7.812500 / 10.000000
Elapsed Time: 8.333333 / 10.000000
Elapsed Time: 8.854167 / 10.000000
Elapsed Time: 9.375000 / 10.000000
Elapsed Time: 9.895833 / 10.000000
Total time chrono[ms]: 27747
Total time mpi[s]: 27.7474
Total energy: 8612.65
d_mass: 0.000000e+00
d_te:   -1.873120e-05
Pool Memory High Water Mark:       292992Pool Memory High Water Mark:       292992Pool Memory High Water Mark:       292992

Pool Memory High Water Efficiency: 0.00027287
Pool Memory High Water Mark:       292992
Pool Memory High Water Efficiency: 
Pool Memory High Water Efficiency: 0.00027287
Pool Memory High Water Efficiency: 0.00027287
0.00027287
PER_PHASE + NO_HIDING
Running on Intel(R) Data Center GPU Max 1100
Running on Intel(R) Data Center GPU Max 1100
Running on Intel(R) Data Center GPU Max 1100
nx_glob, nz_glob: 128 64
dx,dz: 156.250000 156.250000
dt: 0.520833
Running on Intel(R) Data Center GPU Max 1100
Elapsed Time: 0.000000 / 10.000000
Elapsed Time: 0.520833 / 10.000000
Elapsed Time: 1.041667 / 10.000000
Elapsed Time: 1.562500 / 10.000000
Elapsed Time: 2.083333 / 10.000000
Elapsed Time: 2.604167 / 10.000000
Elapsed Time: 3.125000 / 10.000000
Elapsed Time: 3.645833 / 10.000000
Elapsed Time: 4.166667 / 10.000000
Elapsed Time: 4.687500 / 10.000000
Elapsed Time: 5.208333 / 10.000000
Elapsed Time: 5.729167 / 10.000000
Elapsed Time: 6.250000 / 10.000000
Elapsed Time: 6.770833 / 10.000000
Elapsed Time: 7.291667 / 10.000000
Elapsed Time: 7.812500 / 10.000000
Elapsed Time: 8.333333 / 10.000000
Elapsed Time: 8.854167 / 10.000000
Elapsed Time: 9.375000 / 10.000000
Elapsed Time: 9.895833 / 10.000000
Total time chrono[ms]: 36351
Total time mpi[s]: 36.3513
Total energy: 11561
d_mass: 0.000000e+00
d_te:   -1.873120e-05
Pool Memory High Water Mark:       292992
Pool Memory High Water Efficiency: 0.00027287
Pool Memory High Water Mark:       292992
Pool Memory High Water Efficiency: Pool Memory High Water Mark:       292992
Pool Memory High Water Efficiency: 0.00027287Pool Memory High Water Mark:       292992
Pool Memory High Water Efficiency: 0.00027287
0.00027287

PER_PHASE + NO_HIDING
Running on Intel(R) Data Center GPU Max 1100
nx_glob, nz_glob: 128 64
dx,dz: 156.250000 156.250000
dt: 0.520833
Running on Intel(R) Data Center GPU Max 1100
Running on Intel(R) Data Center GPU Max 1100
Running on Intel(R) Data Center GPU Max 1100
Elapsed Time: 0.000000 / 10.000000
Elapsed Time: 0.520833 / 10.000000
Elapsed Time: 1.041667 / 10.000000
Elapsed Time: 1.562500 / 10.000000
Elapsed Time: 2.083333 / 10.000000
Elapsed Time: 2.604167 / 10.000000
Elapsed Time: 3.125000 / 10.000000
Elapsed Time: 3.645833 / 10.000000
Elapsed Time: 4.166667 / 10.000000
Elapsed Time: 4.687500 / 10.000000
Elapsed Time: 5.208333 / 10.000000
Elapsed Time: 5.729167 / 10.000000
Elapsed Time: 6.250000 / 10.000000
Elapsed Time: 6.770833 / 10.000000
Elapsed Time: 7.291667 / 10.000000
Elapsed Time: 7.812500 / 10.000000
Elapsed Time: 8.333333 / 10.000000
Elapsed Time: 8.854167 / 10.000000
Elapsed Time: 9.375000 / 10.000000
Elapsed Time: 9.895833 / 10.000000
Total time chrono[ms]: 21000
Total time mpi[s]: 21.0009
Total energy: 6511.87
d_mass: 0.000000e+00
d_te:   -1.873120e-05
Pool Memory High Water Mark:       292992Pool Memory High Water Mark:       292992Pool Memory High Water Mark:       292992

Pool Memory High Water Efficiency: 0.00027287

Pool Memory High Water Efficiency: Pool Memory High Water Efficiency: 0.00027287
Pool Memory High Water Mark:       292992
Pool Memory High Water Efficiency: 0.00027287
0.00027287
PER_PHASE + NO_HIDING
Running on Intel(R) Data Center GPU Max 1100
Running on Intel(R) Data Center GPU Max 1100
Running on Intel(R) Data Center GPU Max 1100
nx_glob, nz_glob: 128 64
dx,dz: 156.250000 156.250000
dt: 0.520833
Running on Intel(R) Data Center GPU Max 1100
Elapsed Time: 0.000000 / 10.000000
Elapsed Time: 0.520833 / 10.000000
Elapsed Time: 1.041667 / 10.000000
Elapsed Time: 1.562500 / 10.000000
Elapsed Time: 2.083333 / 10.000000
Elapsed Time: 2.604167 / 10.000000
Elapsed Time: 3.125000 / 10.000000
Elapsed Time: 3.645833 / 10.000000
Elapsed Time: 4.166667 / 10.000000
Elapsed Time: 4.687500 / 10.000000
Elapsed Time: 5.208333 / 10.000000
Elapsed Time: 5.729167 / 10.000000
Elapsed Time: 6.250000 / 10.000000
Elapsed Time: 6.770833 / 10.000000
Elapsed Time: 7.291667 / 10.000000
Elapsed Time: 7.812500 / 10.000000
Elapsed Time: 8.333333 / 10.000000
Elapsed Time: 8.854167 / 10.000000
Elapsed Time: 9.375000 / 10.000000
Elapsed Time: 9.895833 / 10.000000
Total time chrono[ms]: 29425
Total time mpi[s]: 29.4254
Total energy: 9249.46
d_mass: 0.000000e+00
d_te:   -1.873120e-05
Pool Memory High Water Mark:       Pool Memory High Water Mark:       292992Pool Memory High Water Mark:       292992
Pool Memory High Water Mark:       292992
Pool Memory High Water Efficiency: 292992
Pool Memory High Water Efficiency: 0.00027287

Pool Memory High Water Efficiency: 0.00027287
Pool Memory High Water Efficiency: 0.00027287
0.00027287
PER_PHASE + NO_HIDING
Running on Intel(R) Data Center GPU Max 1100
nx_glob, nz_glob: 128 64
dx,dz: 156.250000 156.250000
dt: 0.520833
Running on Intel(R) Data Center GPU Max 1100
Running on Intel(R) Data Center GPU Max 1100
Running on Intel(R) Data Center GPU Max 1100
Elapsed Time: 0.000000 / 10.000000
Elapsed Time: 0.520833 / 10.000000
Elapsed Time: 1.041667 / 10.000000
Elapsed Time: 1.562500 / 10.000000
Elapsed Time: 2.083333 / 10.000000
Elapsed Time: 2.604167 / 10.000000
Elapsed Time: 3.125000 / 10.000000
Elapsed Time: 3.645833 / 10.000000
Elapsed Time: 4.166667 / 10.000000
Elapsed Time: 4.687500 / 10.000000
Elapsed Time: 5.208333 / 10.000000
Elapsed Time: 5.729167 / 10.000000
Elapsed Time: 6.250000 / 10.000000
Elapsed Time: 6.770833 / 10.000000
Elapsed Time: 7.291667 / 10.000000
Elapsed Time: 7.812500 / 10.000000
Elapsed Time: 8.333333 / 10.000000
Elapsed Time: 8.854167 / 10.000000
Elapsed Time: 9.375000 / 10.000000
Elapsed Time: 9.895833 / 10.000000
Total time chrono[ms]: 68641
Total time mpi[s]: 68.6417
Total energy: 21451.4
d_mass: 0.000000e+00
d_te:   -1.873120e-05
Pool Memory High Water Mark:       Pool Memory High Water Mark:       292992Pool Memory High Water Mark:       292992
Pool Memory High Water Mark:       292992
Pool Memory High Water Efficiency: 292992
Pool Memory High Water Efficiency: 0.00027287

Pool Memory High Water Efficiency: 0.00027287
Pool Memory High Water Efficiency: 0.00027287
0.00027287
PER_PHASE + NO_HIDING
Running on Intel(R) Data Center GPU Max 1100
nx_glob, nz_glob: 128 64
dx,dz: 156.250000 156.250000
dt: 0.520833
Running on Intel(R) Data Center GPU Max 1100
Running on Intel(R) Data Center GPU Max 1100
Running on Intel(R) Data Center GPU Max 1100
Elapsed Time: 0.000000 / 10.000000
Elapsed Time: 0.520833 / 10.000000
Elapsed Time: 1.041667 / 10.000000
Elapsed Time: 1.562500 / 10.000000
Elapsed Time: 2.083333 / 10.000000
Elapsed Time: 2.604167 / 10.000000
Elapsed Time: 3.125000 / 10.000000
Elapsed Time: 3.645833 / 10.000000
Elapsed Time: 4.166667 / 10.000000
Elapsed Time: 4.687500 / 10.000000
Elapsed Time: 5.208333 / 10.000000
Elapsed Time: 5.729167 / 10.000000
Elapsed Time: 6.250000 / 10.000000
Elapsed Time: 6.770833 / 10.000000
Elapsed Time: 7.291667 / 10.000000
Elapsed Time: 7.812500 / 10.000000
Elapsed Time: 8.333333 / 10.000000
Elapsed Time: 8.854167 / 10.000000
Elapsed Time: 9.375000 / 10.000000
Elapsed Time: 9.895833 / 10.000000
Total time chrono[ms]: 49470
Total time mpi[s]: 49.4709
Total energy: 15560.9
d_mass: 0.000000e+00
d_te:   -1.873120e-05
Pool Memory High Water Mark:       Pool Memory High Water Mark:       292992
Pool Memory High Water Efficiency: 0.00027287
Pool Memory High Water Mark:       292992
292992
Pool Memory High Water Efficiency: Pool Memory High Water Mark:       292992
Pool Memory High Water Efficiency: Pool Memory High Water Efficiency: 0.00027287
0.00027287
0.00027287
PER_PHASE + NO_HIDING
Running on Intel(R) Data Center GPU Max 1100
nx_glob, nz_glob: 128 64
dx,dz: 156.250000 156.250000
dt: 0.520833
Running on Intel(R) Data Center GPU Max 1100
Running on Intel(R) Data Center GPU Max 1100
Running on Intel(R) Data Center GPU Max 1100
Elapsed Time: 0.000000 / 10.000000
Elapsed Time: 0.520833 / 10.000000
Elapsed Time: 1.041667 / 10.000000
Elapsed Time: 1.562500 / 10.000000
Elapsed Time: 2.083333 / 10.000000
Elapsed Time: 2.604167 / 10.000000
Elapsed Time: 3.125000 / 10.000000
Elapsed Time: 3.645833 / 10.000000
Elapsed Time: 4.166667 / 10.000000
Elapsed Time: 4.687500 / 10.000000
Elapsed Time: 5.208333 / 10.000000
Elapsed Time: 5.729167 / 10.000000
Elapsed Time: 6.250000 / 10.000000
Elapsed Time: 6.770833 / 10.000000
Elapsed Time: 7.291667 / 10.000000
Elapsed Time: 7.812500 / 10.000000
Elapsed Time: 8.333333 / 10.000000
Elapsed Time: 8.854167 / 10.000000
Elapsed Time: 9.375000 / 10.000000
Elapsed Time: 9.895833 / 10.000000
Total time chrono[ms]: 58054
Total time mpi[s]: 58.0541
Total energy: 18010.1
d_mass: 0.000000e+00
d_te:   -1.873120e-05
Pool Memory High Water Mark:       292992Pool Memory High Water Mark:       292992Pool Memory High Water Mark:       292992
Pool Memory High Water Mark:       292992
Pool Memory High Water Efficiency: 
Pool Memory High Water Efficiency: 0.00027287

Pool Memory High Water Efficiency: 0.00027287
Pool Memory High Water Efficiency: 0.00027287
0.00027287
PER_PHASE + NO_HIDING
Running on Intel(R) Data Center GPU Max 1100
nx_glob, nz_glob: 128 64
dx,dz: 156.250000 156.250000
dt: 0.520833
Running on Intel(R) Data Center GPU Max 1100
Running on Intel(R) Data Center GPU Max 1100
Running on Intel(R) Data Center GPU Max 1100
Elapsed Time: 0.000000 / 10.000000
Elapsed Time: 0.520833 / 10.000000
Elapsed Time: 1.041667 / 10.000000
Elapsed Time: 1.562500 / 10.000000
Elapsed Time: 2.083333 / 10.000000
Elapsed Time: 2.604167 / 10.000000
Elapsed Time: 3.125000 / 10.000000
Elapsed Time: 3.645833 / 10.000000
Elapsed Time: 4.166667 / 10.000000
Elapsed Time: 4.687500 / 10.000000
Elapsed Time: 5.208333 / 10.000000
Elapsed Time: 5.729167 / 10.000000
Elapsed Time: 6.250000 / 10.000000
Elapsed Time: 6.770833 / 10.000000
Elapsed Time: 7.291667 / 10.000000
Elapsed Time: 7.812500 / 10.000000
Elapsed Time: 8.333333 / 10.000000
Elapsed Time: 8.854167 / 10.000000
Elapsed Time: 9.375000 / 10.000000
Elapsed Time: 9.895833 / 10.000000
Total time chrono[ms]: 54628
Total time mpi[s]: 54.6291
Total energy: 17370.6
d_mass: 0.000000e+00
d_te:   -1.873120e-05
Pool Memory High Water Mark:       292992
Pool Memory High Water Mark:       292992
Pool Memory High Water Mark:       292992
Pool Memory High Water Efficiency: Pool Memory High Water Mark:       292992
Pool Memory High Water Efficiency: 0.00027287
Pool Memory High Water Efficiency: 0.00027287
Pool Memory High Water Efficiency: 0.00027287
0.00027287
PER_PHASE + NO_HIDING
Running on Intel(R) Data Center GPU Max 1100
nx_glob, nz_glob: 128 64
dx,dz: 156.250000 156.250000
dt: 0.520833
Running on Intel(R) Data Center GPU Max 1100
Running on Intel(R) Data Center GPU Max 1100
Running on Intel(R) Data Center GPU Max 1100
Elapsed Time: 0.000000 / 10.000000
Elapsed Time: 0.520833 / 10.000000
Elapsed Time: 1.041667 / 10.000000
Elapsed Time: 1.562500 / 10.000000
Elapsed Time: 2.083333 / 10.000000
Elapsed Time: 2.604167 / 10.000000
Elapsed Time: 3.125000 / 10.000000
Elapsed Time: 3.645833 / 10.000000
Elapsed Time: 4.166667 / 10.000000
Elapsed Time: 4.687500 / 10.000000
Elapsed Time: 5.208333 / 10.000000
Elapsed Time: 5.729167 / 10.000000
Elapsed Time: 6.250000 / 10.000000
Elapsed Time: 6.770833 / 10.000000
Elapsed Time: 7.291667 / 10.000000
Elapsed Time: 7.812500 / 10.000000
Elapsed Time: 8.333333 / 10.000000
Elapsed Time: 8.854167 / 10.000000
Elapsed Time: 9.375000 / 10.000000
Elapsed Time: 9.895833 / 10.000000
Total time chrono[ms]: 24508
Total time mpi[s]: 24.5085
Total energy: 7520.63
d_mass: 0.000000e+00
d_te:   -1.873120e-05
Pool Memory High Water Mark:       292992
Pool Memory High Water Efficiency: Pool Memory High Water Mark:       292992
Pool Memory High Water Mark:       292992
Pool Memory High Water Efficiency: Pool Memory High Water Mark:       292992
Pool Memory High Water Efficiency: 0.00027287
0.00027287
Pool Memory High Water Efficiency: 0.00027287
0.00027287
PER_PHASE + NO_HIDING
Running on Intel(R) Data Center GPU Max 1100
Running on Intel(R) Data Center GPU Max 1100
Running on Intel(R) Data Center GPU Max 1100
nx_glob, nz_glob: 128 64
dx,dz: 156.250000 156.250000
dt: 0.520833
Running on Intel(R) Data Center GPU Max 1100
Elapsed Time: 0.000000 / 10.000000
Elapsed Time: 0.520833 / 10.000000
Elapsed Time: 1.041667 / 10.000000
Elapsed Time: 1.562500 / 10.000000
Elapsed Time: 2.083333 / 10.000000
Elapsed Time: 2.604167 / 10.000000
Elapsed Time: 3.125000 / 10.000000
Elapsed Time: 3.645833 / 10.000000
Elapsed Time: 4.166667 / 10.000000
Elapsed Time: 4.687500 / 10.000000
Elapsed Time: 5.208333 / 10.000000
Elapsed Time: 5.729167 / 10.000000
Elapsed Time: 6.250000 / 10.000000
Elapsed Time: 6.770833 / 10.000000
Elapsed Time: 7.291667 / 10.000000
Elapsed Time: 7.812500 / 10.000000
Elapsed Time: 8.333333 / 10.000000
Elapsed Time: 8.854167 / 10.000000
Elapsed Time: 9.375000 / 10.000000
Elapsed Time: 9.895833 / 10.000000
Total time chrono[ms]: 28368
Total time mpi[s]: 28.3682
Total energy: 8942.71
d_mass: 0.000000e+00
d_te:   -1.873120e-05
Pool Memory High Water Mark:       Pool Memory High Water Mark:       292992Pool Memory High Water Mark:       292992
Pool Memory High Water Mark:       292992
Pool Memory High Water Efficiency: 292992
Pool Memory High Water Efficiency: 0.00027287

Pool Memory High Water Efficiency: 0.00027287
Pool Memory High Water Efficiency: 0.00027287
0.00027287
PER_PHASE + NO_HIDING
Running on Intel(R) Data Center GPU Max 1100
nx_glob, nz_glob: 128 64
dx,dz: 156.250000 156.250000
dt: 0.520833
Running on Intel(R) Data Center GPU Max 1100
Running on Intel(R) Data Center GPU Max 1100
Running on Intel(R) Data Center GPU Max 1100
Elapsed Time: 0.000000 / 10.000000
Elapsed Time: 0.520833 / 10.000000
Elapsed Time: 1.041667 / 10.000000
Elapsed Time: 1.562500 / 10.000000
Elapsed Time: 2.083333 / 10.000000
Elapsed Time: 2.604167 / 10.000000
Elapsed Time: 3.125000 / 10.000000
Elapsed Time: 3.645833 / 10.000000
Elapsed Time: 4.166667 / 10.000000
Elapsed Time: 4.687500 / 10.000000
Elapsed Time: 5.208333 / 10.000000
Elapsed Time: 5.729167 / 10.000000
Elapsed Time: 6.250000 / 10.000000
Elapsed Time: 6.770833 / 10.000000
Elapsed Time: 7.291667 / 10.000000
Elapsed Time: 7.812500 / 10.000000
Elapsed Time: 8.333333 / 10.000000
Elapsed Time: 8.854167 / 10.000000
Elapsed Time: 9.375000 / 10.000000
Elapsed Time: 9.895833 / 10.000000
Total time chrono[ms]: 31218
Total time mpi[s]: 31.2185
Total energy: 9815.8
d_mass: 0.000000e+00
d_te:   -1.873120e-05
Pool Memory High Water Mark:       292992
Pool Memory High Water Efficiency: 0.00027287
Pool Memory High Water Mark:       292992
Pool Memory High Water Efficiency: Pool Memory High Water Mark:       292992
Pool Memory High Water Efficiency: 0.00027287
Pool Memory High Water Mark:       292992
Pool Memory High Water Efficiency: 0.00027287
0.00027287
PER_PHASE + NO_HIDING
Running on Intel(R) Data Center GPU Max 1100
nx_glob, nz_glob: 128 64
dx,dz: 156.250000 156.250000
dt: 0.520833
Running on Intel(R) Data Center GPU Max 1100
Running on Intel(R) Data Center GPU Max 1100
Running on Intel(R) Data Center GPU Max 1100
Elapsed Time: 0.000000 / 10.000000
Elapsed Time: 0.520833 / 10.000000
Elapsed Time: 1.041667 / 10.000000
Elapsed Time: 1.562500 / 10.000000
Elapsed Time: 2.083333 / 10.000000
Elapsed Time: 2.604167 / 10.000000
Elapsed Time: 3.125000 / 10.000000
Elapsed Time: 3.645833 / 10.000000
Elapsed Time: 4.166667 / 10.000000
Elapsed Time: 4.687500 / 10.000000
Elapsed Time: 5.208333 / 10.000000
Elapsed Time: 5.729167 / 10.000000
Elapsed Time: 6.250000 / 10.000000
Elapsed Time: 6.770833 / 10.000000
Elapsed Time: 7.291667 / 10.000000
Elapsed Time: 7.812500 / 10.000000
Elapsed Time: 8.333333 / 10.000000
Elapsed Time: 8.854167 / 10.000000
Elapsed Time: 9.375000 / 10.000000
Elapsed Time: 9.895833 / 10.000000
Total time chrono[ms]: 104762
Total time mpi[s]: 104.762
Total energy: 33717.6
d_mass: 0.000000e+00
d_te:   -1.873120e-05
Pool Memory High Water Mark:       292992
Pool Memory High Water Mark:       292992Pool Memory High Water Mark:       292992
Pool Memory High Water Efficiency: Pool Memory High Water Efficiency: 0.00027287

Pool Memory High Water Efficiency: 0.00027287
Pool Memory High Water Mark:       292992
Pool Memory High Water Efficiency: 0.00027287
0.00027287
PER_PHASE + NO_HIDING
Running on Intel(R) Data Center GPU Max 1100
nx_glob, nz_glob: 128 64
dx,dz: 156.250000 156.250000
dt: 0.520833
Running on Intel(R) Data Center GPU Max 1100
Running on Intel(R) Data Center GPU Max 1100
Running on Intel(R) Data Center GPU Max 1100
Elapsed Time: 0.000000 / 10.000000
Elapsed Time: 0.520833 / 10.000000
Elapsed Time: 1.041667 / 10.000000
Elapsed Time: 1.562500 / 10.000000
Elapsed Time: 2.083333 / 10.000000
Elapsed Time: 2.604167 / 10.000000
Elapsed Time: 3.125000 / 10.000000
Elapsed Time: 3.645833 / 10.000000
Elapsed Time: 4.166667 / 10.000000
Elapsed Time: 4.687500 / 10.000000
Elapsed Time: 5.208333 / 10.000000
Elapsed Time: 5.729167 / 10.000000
Elapsed Time: 6.250000 / 10.000000
Elapsed Time: 6.770833 / 10.000000
Elapsed Time: 7.291667 / 10.000000
Elapsed Time: 7.812500 / 10.000000
Elapsed Time: 8.333333 / 10.000000
Elapsed Time: 8.854167 / 10.000000
Elapsed Time: 9.375000 / 10.000000
Elapsed Time: 9.895833 / 10.000000
Total time chrono[ms]: 58073
Total time mpi[s]: 58.0741
Total energy: 18421.8
d_mass: 0.000000e+00
d_te:   -1.873120e-05
Pool Memory High Water Mark:       292992Pool Memory High Water Mark:       292992Pool Memory High Water Mark:       292992

Pool Memory High Water Efficiency: 0.00027287

Pool Memory High Water Efficiency: Pool Memory High Water Efficiency: Pool Memory High Water Mark:       292992
Pool Memory High Water Efficiency: 0.00027287
0.00027287
0.00027287
PER_PHASE + NO_HIDING
Running on Intel(R) Data Center GPU Max 1100
Running on Intel(R) Data Center GPU Max 1100
nx_glob, nz_glob: 128 64
dx,dz: 156.250000 156.250000
dt: 0.520833
Running on Intel(R) Data Center GPU Max 1100
Running on Intel(R) Data Center GPU Max 1100
Elapsed Time: 0.000000 / 10.000000
Elapsed Time: 0.520833 / 10.000000
Elapsed Time: 1.041667 / 10.000000
Elapsed Time: 1.562500 / 10.000000
Elapsed Time: 2.083333 / 10.000000
Elapsed Time: 2.604167 / 10.000000
Elapsed Time: 3.125000 / 10.000000
Elapsed Time: 3.645833 / 10.000000
Elapsed Time: 4.166667 / 10.000000
Elapsed Time: 4.687500 / 10.000000
Elapsed Time: 5.208333 / 10.000000
Elapsed Time: 5.729167 / 10.000000
Elapsed Time: 6.250000 / 10.000000
Elapsed Time: 6.770833 / 10.000000
Elapsed Time: 7.291667 / 10.000000
Elapsed Time: 7.812500 / 10.000000
Elapsed Time: 8.333333 / 10.000000
Elapsed Time: 8.854167 / 10.000000
Elapsed Time: 9.375000 / 10.000000
Elapsed Time: 9.895833 / 10.000000
Total time chrono[ms]: 49529
Total time mpi[s]: 49.5294
Total energy: 15380
d_mass: 0.000000e+00
d_te:   -1.873120e-05
Pool Memory High Water Mark:       292992Pool Memory High Water Mark:       292992Pool Memory High Water Mark:       292992

Pool Memory High Water Efficiency: 0.00027287

Pool Memory High Water Efficiency: Pool Memory High Water Efficiency: 0.00027287
Pool Memory High Water Mark:       292992
Pool Memory High Water Efficiency: 0.00027287
0.00027287
PER_PHASE + NO_HIDING
Running on Intel(R) Data Center GPU Max 1100
nx_glob, nz_glob: 128 64
dx,dz: 156.250000 156.250000
dt: 0.520833
Running on Intel(R) Data Center GPU Max 1100
Running on Intel(R) Data Center GPU Max 1100
Running on Intel(R) Data Center GPU Max 1100
Elapsed Time: 0.000000 / 10.000000
Elapsed Time: 0.520833 / 10.000000
Elapsed Time: 1.041667 / 10.000000
Elapsed Time: 1.562500 / 10.000000
Elapsed Time: 2.083333 / 10.000000
Elapsed Time: 2.604167 / 10.000000
Elapsed Time: 3.125000 / 10.000000
Elapsed Time: 3.645833 / 10.000000
Elapsed Time: 4.166667 / 10.000000
Elapsed Time: 4.687500 / 10.000000
Elapsed Time: 5.208333 / 10.000000
Elapsed Time: 5.729167 / 10.000000
Elapsed Time: 6.250000 / 10.000000
Elapsed Time: 6.770833 / 10.000000
Elapsed Time: 7.291667 / 10.000000
Elapsed Time: 7.812500 / 10.000000
Elapsed Time: 8.333333 / 10.000000
Elapsed Time: 8.854167 / 10.000000
Elapsed Time: 9.375000 / 10.000000
Elapsed Time: 9.895833 / 10.000000
Total time chrono[ms]: 40961
Total time mpi[s]: 40.9618
Total energy: 12904.6
d_mass: 0.000000e+00
d_te:   -1.873120e-05
Pool Memory High Water Mark:       292992
Pool Memory High Water Efficiency: 0.00027287
Pool Memory High Water Mark:       292992
Pool Memory High Water Efficiency: Pool Memory High Water Mark:       292992
Pool Memory High Water Efficiency: Pool Memory High Water Mark:       292992
Pool Memory High Water Efficiency: 0.00027287
0.00027287
0.00027287
PER_PHASE + NO_HIDING
Running on Intel(R) Data Center GPU Max 1100
nx_glob, nz_glob: 128 64
dx,dz: 156.250000 156.250000
dt: 0.520833
Running on Intel(R) Data Center GPU Max 1100
Running on Intel(R) Data Center GPU Max 1100
Running on Intel(R) Data Center GPU Max 1100
Elapsed Time: 0.000000 / 10.000000
Elapsed Time: 0.520833 / 10.000000
Elapsed Time: 1.041667 / 10.000000
Elapsed Time: 1.562500 / 10.000000
Elapsed Time: 2.083333 / 10.000000
Elapsed Time: 2.604167 / 10.000000
Elapsed Time: 3.125000 / 10.000000
Elapsed Time: 3.645833 / 10.000000
Elapsed Time: 4.166667 / 10.000000
Elapsed Time: 4.687500 / 10.000000
Elapsed Time: 5.208333 / 10.000000
Elapsed Time: 5.729167 / 10.000000
Elapsed Time: 6.250000 / 10.000000
Elapsed Time: 6.770833 / 10.000000
Elapsed Time: 7.291667 / 10.000000
Elapsed Time: 7.812500 / 10.000000
Elapsed Time: 8.333333 / 10.000000
Elapsed Time: 8.854167 / 10.000000
Elapsed Time: 9.375000 / 10.000000
Elapsed Time: 9.895833 / 10.000000
Total time chrono[ms]: 43963
Total time mpi[s]: 43.9631
Total energy: 13339.5
d_mass: 0.000000e+00
d_te:   -1.873120e-05
Pool Memory High Water Mark:       292992
Pool Memory High Water Efficiency: Pool Memory High Water Mark:       292992
Pool Memory High Water Efficiency: Pool Memory High Water Mark:       292992
Pool Memory High Water Efficiency: Pool Memory High Water Mark:       292992
Pool Memory High Water Efficiency: 0.00027287
0.00027287
0.00027287
0.00027287
PER_PHASE + NO_HIDING
Running on Intel(R) Data Center GPU Max 1100
nx_glob, nz_glob: 128 64
dx,dz: 156.250000 156.250000
dt: 0.520833
Running on Intel(R) Data Center GPU Max 1100
Running on Intel(R) Data Center GPU Max 1100
Running on Intel(R) Data Center GPU Max 1100
Elapsed Time: 0.000000 / 10.000000
Elapsed Time: 0.520833 / 10.000000
Elapsed Time: 1.041667 / 10.000000
Elapsed Time: 1.562500 / 10.000000
Elapsed Time: 2.083333 / 10.000000
Elapsed Time: 2.604167 / 10.000000
Elapsed Time: 3.125000 / 10.000000
Elapsed Time: 3.645833 / 10.000000
Elapsed Time: 4.166667 / 10.000000
Elapsed Time: 4.687500 / 10.000000
Elapsed Time: 5.208333 / 10.000000
Elapsed Time: 5.729167 / 10.000000
Elapsed Time: 6.250000 / 10.000000
Elapsed Time: 6.770833 / 10.000000
Elapsed Time: 7.291667 / 10.000000
Elapsed Time: 7.812500 / 10.000000
Elapsed Time: 8.333333 / 10.000000
Elapsed Time: 8.854167 / 10.000000
Elapsed Time: 9.375000 / 10.000000
Elapsed Time: 9.895833 / 10.000000
Total time chrono[ms]: 88875
Total time mpi[s]: 88.8753
Total energy: 27425.7
d_mass: 0.000000e+00
d_te:   -1.873120e-05
Pool Memory High Water Mark:       292992
Pool Memory High Water Efficiency: 0.00027287
Pool Memory High Water Mark:       292992
Pool Memory High Water Mark:       292992
Pool Memory High Water Efficiency: Pool Memory High Water Mark:       292992
Pool Memory High Water Efficiency: Pool Memory High Water Efficiency: 0.00027287
0.00027287
0.00027287
PER_PHASE + NO_HIDING
Running on Intel(R) Data Center GPU Max 1100
Running on Intel(R) Data Center GPU Max 1100
Running on Intel(R) Data Center GPU Max 1100
nx_glob, nz_glob: 128 64
dx,dz: 156.250000 156.250000
dt: 0.520833
Running on Intel(R) Data Center GPU Max 1100
Elapsed Time: 0.000000 / 10.000000
Elapsed Time: 0.520833 / 10.000000
Elapsed Time: 1.041667 / 10.000000
Elapsed Time: 1.562500 / 10.000000
Elapsed Time: 2.083333 / 10.000000
Elapsed Time: 2.604167 / 10.000000
Elapsed Time: 3.125000 / 10.000000
Elapsed Time: 3.645833 / 10.000000
Elapsed Time: 4.166667 / 10.000000
Elapsed Time: 4.687500 / 10.000000
Elapsed Time: 5.208333 / 10.000000
Elapsed Time: 5.729167 / 10.000000
Elapsed Time: 6.250000 / 10.000000
Elapsed Time: 6.770833 / 10.000000
Elapsed Time: 7.291667 / 10.000000
Elapsed Time: 7.812500 / 10.000000
Elapsed Time: 8.333333 / 10.000000
Elapsed Time: 8.854167 / 10.000000
Elapsed Time: 9.375000 / 10.000000
Elapsed Time: 9.895833 / 10.000000
Total time chrono[ms]: 132993
Total time mpi[s]: 132.993
Total energy: 42886.2
d_mass: 0.000000e+00
d_te:   -1.873120e-05
Pool Memory High Water Mark:       292992Pool Memory High Water Mark:       292992Pool Memory High Water Mark:       292992
Pool Memory High Water Mark:       292992
Pool Memory High Water Efficiency: 
Pool Memory High Water Efficiency: 0.00027287

Pool Memory High Water Efficiency: 0.00027287
Pool Memory High Water Efficiency: 0.00027287
0.00027287
PER_PHASE + NO_HIDING
Running on Intel(R) Data Center GPU Max 1100
nx_glob, nz_glob: 128 64
dx,dz: 156.250000 156.250000
dt: 0.520833
Running on Intel(R) Data Center GPU Max 1100
Running on Intel(R) Data Center GPU Max 1100
Running on Intel(R) Data Center GPU Max 1100
Elapsed Time: 0.000000 / 10.000000
Elapsed Time: 0.520833 / 10.000000
Elapsed Time: 1.041667 / 10.000000
Elapsed Time: 1.562500 / 10.000000
Elapsed Time: 2.083333 / 10.000000
Elapsed Time: 2.604167 / 10.000000
Elapsed Time: 3.125000 / 10.000000
Elapsed Time: 3.645833 / 10.000000
Elapsed Time: 4.166667 / 10.000000
Elapsed Time: 4.687500 / 10.000000
Elapsed Time: 5.208333 / 10.000000
Elapsed Time: 5.729167 / 10.000000
Elapsed Time: 6.250000 / 10.000000
Elapsed Time: 6.770833 / 10.000000
Elapsed Time: 7.291667 / 10.000000
Elapsed Time: 7.812500 / 10.000000
Elapsed Time: 8.333333 / 10.000000
Elapsed Time: 8.854167 / 10.000000
Elapsed Time: 9.375000 / 10.000000
Elapsed Time: 9.895833 / 10.000000
Total time chrono[ms]: 51743
Total time mpi[s]: 51.7435
Total energy: 16468.1
d_mass: 0.000000e+00
d_te:   -1.873120e-05
Pool Memory High Water Mark:       292992
Pool Memory High Water Efficiency: Pool Memory High Water Mark:       292992
Pool Memory High Water Mark:       292992
Pool Memory High Water Efficiency: Pool Memory High Water Mark:       292992
Pool Memory High Water Efficiency: 0.00027287
Pool Memory High Water Efficiency: 0.00027287
0.00027287
0.00027287
PER_PHASE + NO_HIDING
Running on Intel(R) Data Center GPU Max 1100
nx_glob, nz_glob: 128 64
dx,dz: 156.250000 156.250000
dt: 0.520833
Running on Intel(R) Data Center GPU Max 1100
Running on Intel(R) Data Center GPU Max 1100
Running on Intel(R) Data Center GPU Max 1100
Elapsed Time: 0.000000 / 10.000000
Elapsed Time: 0.520833 / 10.000000
Elapsed Time: 1.041667 / 10.000000
Elapsed Time: 1.562500 / 10.000000
Elapsed Time: 2.083333 / 10.000000
Elapsed Time: 2.604167 / 10.000000
Elapsed Time: 3.125000 / 10.000000
Elapsed Time: 3.645833 / 10.000000
Elapsed Time: 4.166667 / 10.000000
Elapsed Time: 4.687500 / 10.000000
Elapsed Time: 5.208333 / 10.000000
Elapsed Time: 5.729167 / 10.000000
Elapsed Time: 6.250000 / 10.000000
Elapsed Time: 6.770833 / 10.000000
Elapsed Time: 7.291667 / 10.000000
Elapsed Time: 7.812500 / 10.000000
Elapsed Time: 8.333333 / 10.000000
Elapsed Time: 8.854167 / 10.000000
Elapsed Time: 9.375000 / 10.000000
Elapsed Time: 9.895833 / 10.000000
Total time chrono[ms]: 37746
Total time mpi[s]: 37.7466
Total energy: 11884.2
d_mass: 0.000000e+00
d_te:   -1.873120e-05
Pool Memory High Water Mark:       292992
Pool Memory High Water Efficiency: Pool Memory High Water Mark:       292992
Pool Memory High Water Mark:       292992
Pool Memory High Water Efficiency: 0.00027287
Pool Memory High Water Mark:       292992
Pool Memory High Water Efficiency: 0.00027287
0.00027287
Pool Memory High Water Efficiency: 0.00027287
PER_PHASE + NO_HIDING
Running on Intel(R) Data Center GPU Max 1100
Running on Intel(R) Data Center GPU Max 1100
Running on Intel(R) Data Center GPU Max 1100
nx_glob, nz_glob: 128 64
dx,dz: 156.250000 156.250000
dt: 0.520833
Running on Intel(R) Data Center GPU Max 1100
Elapsed Time: 0.000000 / 10.000000
Elapsed Time: 0.520833 / 10.000000
Elapsed Time: 1.041667 / 10.000000
Elapsed Time: 1.562500 / 10.000000
Elapsed Time: 2.083333 / 10.000000
Elapsed Time: 2.604167 / 10.000000
Elapsed Time: 3.125000 / 10.000000
Elapsed Time: 3.645833 / 10.000000
Elapsed Time: 4.166667 / 10.000000
Elapsed Time: 4.687500 / 10.000000
Elapsed Time: 5.208333 / 10.000000
Elapsed Time: 5.729167 / 10.000000
Elapsed Time: 6.250000 / 10.000000
Elapsed Time: 6.770833 / 10.000000
Elapsed Time: 7.291667 / 10.000000
Elapsed Time: 7.812500 / 10.000000
Elapsed Time: 8.333333 / 10.000000
Elapsed Time: 8.854167 / 10.000000
Elapsed Time: 9.375000 / 10.000000
Elapsed Time: 9.895833 / 10.000000
Total time chrono[ms]: 22989
Total time mpi[s]: 22.9895
Total energy: 7401.77
d_mass: 0.000000e+00
d_te:   -1.873120e-05
Pool Memory High Water Mark:       Pool Memory High Water Mark:       292992Pool Memory High Water Mark:       292992292992
Pool Memory High Water Efficiency: 0.00027287

Pool Memory High Water Efficiency: 0.00027287
Pool Memory High Water Efficiency: Pool Memory High Water Mark:       292992
Pool Memory High Water Efficiency: 0.00027287

0.00027287
